{
  "C:\\Proyectos\\react-clean-architecture-template\\packages\\template\\playwright.config.ts": {
    "path": "C:\\Proyectos\\react-clean-architecture-template\\packages\\template\\playwright.config.ts",
    "all": true,
    "statementMap": {
      "0": { "start": { "line": 1, "column": 0 }, "end": { "line": 1, "column": 56 } },
      "6": { "start": { "line": 7, "column": 0 }, "end": { "line": 7, "column": 29 } },
      "7": { "start": { "line": 8, "column": 0 }, "end": { "line": 8, "column": 25 } },
      "8": { "start": { "line": 9, "column": 0 }, "end": { "line": 9, "column": 22 } },
      "9": { "start": { "line": 10, "column": 0 }, "end": { "line": 10, "column": 31 } },
      "10": { "start": { "line": 11, "column": 0 }, "end": { "line": 11, "column": 34 } },
      "11": { "start": { "line": 12, "column": 0 }, "end": { "line": 12, "column": 42 } },
      "12": { "start": { "line": 13, "column": 0 }, "end": { "line": 13, "column": 19 } },
      "14": { "start": { "line": 15, "column": 0 }, "end": { "line": 15, "column": 8 } },
      "15": { "start": { "line": 16, "column": 0 }, "end": { "line": 16, "column": 37 } },
      "16": { "start": { "line": 17, "column": 0 }, "end": { "line": 17, "column": 28 } },
      "17": { "start": { "line": 18, "column": 0 }, "end": { "line": 18, "column": 34 } },
      "18": { "start": { "line": 19, "column": 0 }, "end": { "line": 19, "column": 4 } },
      "20": { "start": { "line": 21, "column": 0 }, "end": { "line": 21, "column": 13 } },
      "21": { "start": { "line": 22, "column": 0 }, "end": { "line": 22, "column": 5 } },
      "22": { "start": { "line": 23, "column": 0 }, "end": { "line": 23, "column": 23 } },
      "23": { "start": { "line": 24, "column": 0 }, "end": { "line": 24, "column": 44 } },
      "24": { "start": { "line": 25, "column": 0 }, "end": { "line": 25, "column": 6 } },
      "25": { "start": { "line": 26, "column": 0 }, "end": { "line": 26, "column": 4 } },
      "27": { "start": { "line": 28, "column": 0 }, "end": { "line": 28, "column": 14 } },
      "28": { "start": { "line": 29, "column": 0 }, "end": { "line": 29, "column": 24 } },
      "29": { "start": { "line": 30, "column": 0 }, "end": { "line": 30, "column": 33 } },
      "30": { "start": { "line": 31, "column": 0 }, "end": { "line": 31, "column": 41 } },
      "31": { "start": { "line": 32, "column": 0 }, "end": { "line": 32, "column": 24 } },
      "32": { "start": { "line": 33, "column": 0 }, "end": { "line": 33, "column": 4 } },
      "33": { "start": { "line": 34, "column": 0 }, "end": { "line": 34, "column": 2 } }
    },
    "s": {
      "0": 0,
      "6": 0,
      "7": 0,
      "8": 0,
      "9": 0,
      "10": 0,
      "11": 0,
      "12": 0,
      "14": 0,
      "15": 0,
      "16": 0,
      "17": 0,
      "18": 0,
      "20": 0,
      "21": 0,
      "22": 0,
      "23": 0,
      "24": 0,
      "25": 0,
      "27": 0,
      "28": 0,
      "29": 0,
      "30": 0,
      "31": 0,
      "32": 0,
      "33": 0
    },
    "branchMap": {
      "0": {
        "type": "branch",
        "line": 1,
        "loc": { "start": { "line": 1, "column": 0 }, "end": { "line": 34, "column": -164 } },
        "locations": [
          { "start": { "line": 1, "column": 0 }, "end": { "line": 34, "column": -164 } }
        ]
      }
    },
    "b": { "0": [0] },
    "fnMap": {
      "0": {
        "name": "(empty-report)",
        "decl": { "start": { "line": 1, "column": 0 }, "end": { "line": 34, "column": -164 } },
        "loc": { "start": { "line": 1, "column": 0 }, "end": { "line": 34, "column": -164 } },
        "line": 1
      }
    },
    "f": { "0": 0 }
  },
  "C:\\Proyectos\\react-clean-architecture-template\\packages\\template\\src\\main.tsx": {
    "path": "C:\\Proyectos\\react-clean-architecture-template\\packages\\template\\src\\main.tsx",
    "all": true,
    "statementMap": {
      "5": { "start": { "line": 6, "column": 0 }, "end": { "line": 6, "column": 28 } },
      "7": { "start": { "line": 8, "column": 0 }, "end": { "line": 8, "column": 57 } },
      "8": { "start": { "line": 9, "column": 0 }, "end": { "line": 9, "column": 46 } },
      "9": { "start": { "line": 10, "column": 0 }, "end": { "line": 10, "column": 34 } },
      "10": { "start": { "line": 11, "column": 0 }, "end": { "line": 11, "column": 45 } },
      "12": { "start": { "line": 13, "column": 0 }, "end": { "line": 13, "column": 52 } },
      "13": { "start": { "line": 14, "column": 0 }, "end": { "line": 14, "column": 14 } },
      "14": { "start": { "line": 15, "column": 0 }, "end": { "line": 15, "column": 18 } },
      "15": { "start": { "line": 16, "column": 0 }, "end": { "line": 16, "column": 19 } },
      "16": { "start": { "line": 17, "column": 0 }, "end": { "line": 17, "column": 19 } },
      "17": { "start": { "line": 18, "column": 0 }, "end": { "line": 18, "column": 16 } },
      "18": { "start": { "line": 19, "column": 0 }, "end": { "line": 19, "column": 1 } }
    },
    "s": {
      "5": 0,
      "7": 0,
      "8": 0,
      "9": 0,
      "10": 0,
      "12": 0,
      "13": 0,
      "14": 0,
      "15": 0,
      "16": 0,
      "17": 0,
      "18": 0
    },
    "branchMap": {
      "0": {
        "type": "branch",
        "line": 1,
        "loc": { "start": { "line": 1, "column": 409 }, "end": { "line": 19, "column": -192 } },
        "locations": [
          { "start": { "line": 1, "column": 409 }, "end": { "line": 19, "column": -192 } }
        ]
      }
    },
    "b": { "0": [1] },
    "fnMap": {
      "0": {
        "name": "(empty-report)",
        "decl": { "start": { "line": 1, "column": 409 }, "end": { "line": 19, "column": -192 } },
        "loc": { "start": { "line": 1, "column": 409 }, "end": { "line": 19, "column": -192 } },
        "line": 1
      }
    },
    "f": { "0": 1 }
  },
  "C:\\Proyectos\\react-clean-architecture-template\\packages\\template\\src\\app\\bootstrap\\config.ts": {
    "path": "C:\\Proyectos\\react-clean-architecture-template\\packages\\template\\src\\app\\bootstrap\\config.ts",
    "all": false,
    "statementMap": {
      "0": { "start": { "line": 1, "column": 0 }, "end": { "line": 1, "column": 35 } },
      "1": { "start": { "line": 2, "column": 0 }, "end": { "line": 2, "column": 30 } },
      "19": { "start": { "line": 20, "column": 0 }, "end": { "line": 20, "column": 60 } },
      "20": { "start": { "line": 21, "column": 0 }, "end": { "line": 21, "column": 46 } },
      "21": { "start": { "line": 22, "column": 0 }, "end": { "line": 22, "column": 10 } },
      "22": { "start": { "line": 23, "column": 0 }, "end": { "line": 23, "column": 44 } },
      "23": { "start": { "line": 24, "column": 0 }, "end": { "line": 24, "column": 12 } },
      "24": { "start": { "line": 25, "column": 0 }, "end": { "line": 25, "column": 52 } },
      "25": { "start": { "line": 26, "column": 0 }, "end": { "line": 26, "column": 21 } },
      "26": { "start": { "line": 27, "column": 0 }, "end": { "line": 27, "column": 3 } },
      "27": { "start": { "line": 28, "column": 0 }, "end": { "line": 28, "column": 1 } },
      "29": { "start": { "line": 30, "column": 0 }, "end": { "line": 30, "column": 41 } },
      "34": { "start": { "line": 35, "column": 0 }, "end": { "line": 35, "column": 43 } },
      "35": { "start": { "line": 36, "column": 0 }, "end": { "line": 36, "column": 39 } },
      "36": { "start": { "line": 37, "column": 0 }, "end": { "line": 37, "column": 42 } },
      "37": { "start": { "line": 38, "column": 0 }, "end": { "line": 38, "column": 21 } },
      "38": { "start": { "line": 39, "column": 0 }, "end": { "line": 39, "column": 1 } },
      "40": { "start": { "line": 41, "column": 0 }, "end": { "line": 41, "column": 22 } },
      "41": { "start": { "line": 42, "column": 0 }, "end": { "line": 42, "column": 32 } },
      "42": { "start": { "line": 43, "column": 0 }, "end": { "line": 43, "column": 23 } },
      "43": { "start": { "line": 44, "column": 0 }, "end": { "line": 44, "column": 4 } },
      "44": { "start": { "line": 45, "column": 0 }, "end": { "line": 45, "column": 1 } }
    },
    "s": {
      "0": 0,
      "1": 1,
      "19": 1,
      "20": 1,
      "21": 1,
      "22": 1,
      "23": 1,
      "24": 1,
      "25": 1,
      "26": 1,
      "27": 1,
      "29": 1,
      "34": 1,
      "35": 0,
      "36": 0,
      "37": 0,
      "38": 0,
      "40": 1,
      "41": 1,
      "42": 0,
      "43": 1,
      "44": 1
    },
    "branchMap": {
      "0": {
        "type": "branch",
        "line": 1,
        "loc": { "start": { "line": 1, "column": 0 }, "end": { "line": 1, "column": 35 } },
        "locations": [{ "start": { "line": 1, "column": 0 }, "end": { "line": 1, "column": 35 } }]
      },
      "1": {
        "type": "branch",
        "line": 1,
        "loc": { "start": { "line": 1, "column": 0 }, "end": { "line": 1, "column": 35 } },
        "locations": [{ "start": { "line": 1, "column": 0 }, "end": { "line": 1, "column": 35 } }]
      },
      "2": {
        "type": "branch",
        "line": 20,
        "loc": { "start": { "line": 20, "column": 31 }, "end": { "line": 28, "column": 1 } },
        "locations": [{ "start": { "line": 20, "column": 31 }, "end": { "line": 28, "column": 1 } }]
      },
      "3": {
        "type": "branch",
        "line": 25,
        "loc": { "start": { "line": 25, "column": 24 }, "end": { "line": 25, "column": 43 } },
        "locations": [
          { "start": { "line": 25, "column": 24 }, "end": { "line": 25, "column": 43 } }
        ]
      }
    },
    "b": { "0": [1], "1": [0], "2": [1], "3": [0] },
    "fnMap": {
      "0": {
        "name": "get",
        "decl": { "start": { "line": 1, "column": 0 }, "end": { "line": 1, "column": 35 } },
        "loc": { "start": { "line": 1, "column": 0 }, "end": { "line": 1, "column": 35 } },
        "line": 1
      },
      "1": {
        "name": "createAppConfig",
        "decl": { "start": { "line": 20, "column": 31 }, "end": { "line": 28, "column": 1 } },
        "loc": { "start": { "line": 20, "column": 31 }, "end": { "line": 28, "column": 1 } },
        "line": 20
      },
      "2": {
        "name": "getConfig",
        "decl": { "start": { "line": 35, "column": 25 }, "end": { "line": 39, "column": 1 } },
        "loc": { "start": { "line": 35, "column": 25 }, "end": { "line": 39, "column": 1 } },
        "line": 35
      }
    },
    "f": { "0": 1, "1": 1, "2": 0 }
  },
  "C:\\Proyectos\\react-clean-architecture-template\\packages\\template\\src\\app\\bootstrap\\env.ts": {
    "path": "C:\\Proyectos\\react-clean-architecture-template\\packages\\template\\src\\app\\bootstrap\\env.ts",
    "all": false,
    "statementMap": {
      "0": { "start": { "line": 1, "column": 0 }, "end": { "line": 1, "column": 23 } },
      "6": { "start": { "line": 7, "column": 0 }, "end": { "line": 7, "column": 19 } },
      "7": { "start": { "line": 8, "column": 0 }, "end": { "line": 8, "column": 11 } },
      "8": { "start": { "line": 9, "column": 0 }, "end": { "line": 9, "column": 51 } },
      "9": { "start": { "line": 10, "column": 0 }, "end": { "line": 10, "column": 56 } },
      "10": { "start": { "line": 11, "column": 0 }, "end": { "line": 11, "column": 4 } },
      "11": { "start": { "line": 12, "column": 0 }, "end": { "line": 12, "column": 34 } },
      "12": { "start": { "line": 13, "column": 0 }, "end": { "line": 13, "column": 65 } },
      "13": { "start": { "line": 14, "column": 0 }, "end": { "line": 14, "column": 24 } },
      "14": { "start": { "line": 15, "column": 0 }, "end": { "line": 15, "column": 36 } },
      "15": { "start": { "line": 16, "column": 0 }, "end": { "line": 16, "column": 36 } },
      "16": { "start": { "line": 17, "column": 0 }, "end": { "line": 17, "column": 73 } },
      "17": { "start": { "line": 18, "column": 0 }, "end": { "line": 18, "column": 8 } },
      "18": { "start": { "line": 19, "column": 0 }, "end": { "line": 19, "column": 5 } },
      "19": { "start": { "line": 20, "column": 0 }, "end": { "line": 20, "column": 4 } },
      "26": { "start": { "line": 27, "column": 0 }, "end": { "line": 27, "column": 70 } },
      "28": { "start": { "line": 29, "column": 0 }, "end": { "line": 29, "column": 35 } },
      "35": { "start": { "line": 36, "column": 0 }, "end": { "line": 36, "column": 62 } },
      "41": { "start": { "line": 42, "column": 0 }, "end": { "line": 42, "column": 37 } },
      "42": { "start": { "line": 43, "column": 0 }, "end": { "line": 43, "column": 33 } },
      "43": { "start": { "line": 44, "column": 0 }, "end": { "line": 44, "column": 23 } },
      "44": { "start": { "line": 45, "column": 0 }, "end": { "line": 45, "column": 18 } },
      "45": { "start": { "line": 46, "column": 0 }, "end": { "line": 46, "column": 1 } },
      "48": { "start": { "line": 49, "column": 0 }, "end": { "line": 49, "column": 22 } },
      "49": { "start": { "line": 50, "column": 0 }, "end": { "line": 50, "column": 32 } },
      "50": { "start": { "line": 51, "column": 0 }, "end": { "line": 51, "column": 20 } },
      "51": { "start": { "line": 52, "column": 0 }, "end": { "line": 52, "column": 4 } },
      "52": { "start": { "line": 53, "column": 0 }, "end": { "line": 53, "column": 1 } }
    },
    "s": {
      "0": 1,
      "6": 1,
      "7": 1,
      "8": 1,
      "9": 1,
      "10": 1,
      "11": 1,
      "12": 3,
      "13": 1,
      "14": 1,
      "15": 1,
      "16": 1,
      "17": 1,
      "18": 1,
      "19": 3,
      "26": 1,
      "28": 1,
      "35": 1,
      "41": 1,
      "42": 0,
      "43": 0,
      "44": 0,
      "45": 0,
      "48": 1,
      "49": 1,
      "50": 0,
      "51": 1,
      "52": 1
    },
    "branchMap": {
      "0": {
        "type": "branch",
        "line": 1,
        "loc": { "start": { "line": 1, "column": 0 }, "end": { "line": 1, "column": 18 } },
        "locations": [{ "start": { "line": 1, "column": 0 }, "end": { "line": 1, "column": 18 } }]
      },
      "1": {
        "type": "branch",
        "line": 1,
        "loc": { "start": { "line": 1, "column": 0 }, "end": { "line": 1, "column": 18 } },
        "locations": [{ "start": { "line": 1, "column": 0 }, "end": { "line": 1, "column": 18 } }]
      },
      "2": {
        "type": "branch",
        "line": 12,
        "loc": { "start": { "line": 12, "column": 15 }, "end": { "line": 20, "column": 4 } },
        "locations": [{ "start": { "line": 12, "column": 15 }, "end": { "line": 20, "column": 4 } }]
      },
      "3": {
        "type": "branch",
        "line": 13,
        "loc": { "start": { "line": 13, "column": 30 }, "end": { "line": 13, "column": 64 } },
        "locations": [
          { "start": { "line": 13, "column": 30 }, "end": { "line": 13, "column": 64 } }
        ]
      },
      "4": {
        "type": "branch",
        "line": 13,
        "loc": { "start": { "line": 13, "column": 64 }, "end": { "line": 19, "column": 5 } },
        "locations": [{ "start": { "line": 13, "column": 64 }, "end": { "line": 19, "column": 5 } }]
      },
      "5": {
        "type": "branch",
        "line": 27,
        "loc": { "start": { "line": 27, "column": 24 }, "end": { "line": 27, "column": 70 } },
        "locations": [
          { "start": { "line": 27, "column": 24 }, "end": { "line": 27, "column": 70 } }
        ]
      }
    },
    "b": { "0": [3], "1": [0], "2": [3], "3": [2], "4": [1], "5": [3] },
    "fnMap": {
      "0": {
        "name": "get",
        "decl": { "start": { "line": 1, "column": 0 }, "end": { "line": 1, "column": 18 } },
        "loc": { "start": { "line": 1, "column": 0 }, "end": { "line": 1, "column": 18 } },
        "line": 1
      },
      "1": {
        "name": "parseEnv",
        "decl": { "start": { "line": 27, "column": 24 }, "end": { "line": 27, "column": 70 } },
        "loc": { "start": { "line": 27, "column": 24 }, "end": { "line": 27, "column": 70 } },
        "line": 27
      },
      "2": {
        "name": "loadEnv",
        "decl": { "start": { "line": 36, "column": 23 }, "end": { "line": 36, "column": 62 } },
        "loc": { "start": { "line": 36, "column": 23 }, "end": { "line": 36, "column": 62 } },
        "line": 36
      },
      "3": {
        "name": "getEnv",
        "decl": { "start": { "line": 42, "column": 22 }, "end": { "line": 46, "column": 1 } },
        "loc": { "start": { "line": 42, "column": 22 }, "end": { "line": 46, "column": 1 } },
        "line": 42
      }
    },
    "f": { "0": 3, "1": 3, "2": 0, "3": 0 }
  },
  "C:\\Proyectos\\react-clean-architecture-template\\packages\\template\\src\\app\\composition\\ContainerContext.ts": {
    "path": "C:\\Proyectos\\react-clean-architecture-template\\packages\\template\\src\\app\\composition\\ContainerContext.ts",
    "all": false,
    "statementMap": {
      "0": { "start": { "line": 1, "column": 0 }, "end": { "line": 1, "column": 37 } },
      "9": { "start": { "line": 10, "column": 0 }, "end": { "line": 10, "column": 72 } }
    },
    "s": { "0": 0, "9": 1 },
    "branchMap": {
      "0": {
        "type": "branch",
        "line": 1,
        "loc": { "start": { "line": 1, "column": 0 }, "end": { "line": 1, "column": 37 } },
        "locations": [{ "start": { "line": 1, "column": 0 }, "end": { "line": 1, "column": 37 } }]
      },
      "1": {
        "type": "branch",
        "line": 1,
        "loc": { "start": { "line": 1, "column": 0 }, "end": { "line": 1, "column": 37 } },
        "locations": [{ "start": { "line": 1, "column": 0 }, "end": { "line": 1, "column": 37 } }]
      }
    },
    "b": { "0": [9], "1": [0] },
    "fnMap": {
      "0": {
        "name": "get",
        "decl": { "start": { "line": 1, "column": 0 }, "end": { "line": 1, "column": 37 } },
        "loc": { "start": { "line": 1, "column": 0 }, "end": { "line": 1, "column": 37 } },
        "line": 1
      }
    },
    "f": { "0": 9 }
  },
  "C:\\Proyectos\\react-clean-architecture-template\\packages\\template\\src\\app\\composition\\container.ts": {
    "path": "C:\\Proyectos\\react-clean-architecture-template\\packages\\template\\src\\app\\composition\\container.ts",
    "all": true,
    "statementMap": {
      "0": { "start": { "line": 1, "column": 0 }, "end": { "line": 1, "column": 49 } },
      "1": { "start": { "line": 2, "column": 0 }, "end": { "line": 2, "column": 67 } },
      "3": { "start": { "line": 4, "column": 0 }, "end": { "line": 4, "column": 73 } },
      "4": { "start": { "line": 5, "column": 0 }, "end": { "line": 5, "column": 81 } },
      "5": { "start": { "line": 6, "column": 0 }, "end": { "line": 6, "column": 51 } },
      "29": { "start": { "line": 30, "column": 0 }, "end": { "line": 30, "column": 90 } },
      "30": { "start": { "line": 31, "column": 0 }, "end": { "line": 31, "column": 39 } },
      "31": { "start": { "line": 32, "column": 0 }, "end": { "line": 32, "column": 21 } },
      "32": { "start": { "line": 33, "column": 0 }, "end": { "line": 33, "column": 16 } },
      "33": { "start": { "line": 34, "column": 0 }, "end": { "line": 34, "column": 17 } },
      "34": { "start": { "line": 35, "column": 0 }, "end": { "line": 35, "column": 36 } },
      "35": { "start": { "line": 36, "column": 0 }, "end": { "line": 36, "column": 8 } },
      "36": { "start": { "line": 37, "column": 0 }, "end": { "line": 37, "column": 6 } },
      "37": { "start": { "line": 38, "column": 0 }, "end": { "line": 38, "column": 4 } },
      "43": { "start": { "line": 44, "column": 0 }, "end": { "line": 44, "column": 27 } },
      "44": { "start": { "line": 45, "column": 0 }, "end": { "line": 45, "column": 16 } },
      "45": { "start": { "line": 46, "column": 0 }, "end": { "line": 46, "column": 89 } },
      "47": { "start": { "line": 48, "column": 0 }, "end": { "line": 48, "column": 28 } },
      "49": { "start": { "line": 50, "column": 0 }, "end": { "line": 50, "column": 10 } },
      "50": { "start": { "line": 51, "column": 0 }, "end": { "line": 51, "column": 16 } },
      "51": { "start": { "line": 52, "column": 0 }, "end": { "line": 52, "column": 40 } },
      "52": { "start": { "line": 53, "column": 0 }, "end": { "line": 53, "column": 13 } },
      "53": { "start": { "line": 54, "column": 0 }, "end": { "line": 54, "column": 18 } },
      "54": { "start": { "line": 55, "column": 0 }, "end": { "line": 55, "column": 35 } },
      "55": { "start": { "line": 56, "column": 0 }, "end": { "line": 56, "column": 7 } },
      "56": { "start": { "line": 57, "column": 0 }, "end": { "line": 57, "column": 3 } },
      "57": { "start": { "line": 58, "column": 0 }, "end": { "line": 58, "column": 1 } }
    },
    "s": {
      "0": 0,
      "1": 0,
      "3": 0,
      "4": 0,
      "5": 0,
      "29": 0,
      "30": 0,
      "31": 0,
      "32": 0,
      "33": 0,
      "34": 0,
      "35": 0,
      "36": 0,
      "37": 0,
      "43": 0,
      "44": 0,
      "45": 0,
      "47": 0,
      "49": 0,
      "50": 0,
      "51": 0,
      "52": 0,
      "53": 0,
      "54": 0,
      "55": 0,
      "56": 0,
      "57": 0
    },
    "branchMap": {
      "0": {
        "type": "branch",
        "line": 1,
        "loc": { "start": { "line": 1, "column": 1981 }, "end": { "line": 58, "column": 1 } },
        "locations": [
          { "start": { "line": 1, "column": 1981 }, "end": { "line": 58, "column": 1 } }
        ]
      }
    },
    "b": { "0": [0] },
    "fnMap": {
      "0": {
        "name": "(empty-report)",
        "decl": { "start": { "line": 1, "column": 1981 }, "end": { "line": 58, "column": 1 } },
        "loc": { "start": { "line": 1, "column": 1981 }, "end": { "line": 58, "column": 1 } },
        "line": 1
      }
    },
    "f": { "0": 0 }
  },
  "C:\\Proyectos\\react-clean-architecture-template\\packages\\template\\src\\app\\composition\\providers.tsx": {
    "path": "C:\\Proyectos\\react-clean-architecture-template\\packages\\template\\src\\app\\composition\\providers.tsx",
    "all": true,
    "statementMap": {
      "0": { "start": { "line": 1, "column": 0 }, "end": { "line": 1, "column": 68 } },
      "1": { "start": { "line": 2, "column": 0 }, "end": { "line": 2, "column": 59 } },
      "2": { "start": { "line": 3, "column": 0 }, "end": { "line": 3, "column": 67 } },
      "4": { "start": { "line": 5, "column": 0 }, "end": { "line": 5, "column": 31 } },
      "6": { "start": { "line": 7, "column": 0 }, "end": { "line": 7, "column": 45 } },
      "7": { "start": { "line": 8, "column": 0 }, "end": { "line": 8, "column": 53 } },
      "14": { "start": { "line": 15, "column": 0 }, "end": { "line": 15, "column": 72 } },
      "15": { "start": { "line": 16, "column": 0 }, "end": { "line": 16, "column": 56 } },
      "17": { "start": { "line": 18, "column": 0 }, "end": { "line": 18, "column": 10 } },
      "18": { "start": { "line": 19, "column": 0 }, "end": { "line": 19, "column": 49 } },
      "19": { "start": { "line": 20, "column": 0 }, "end": { "line": 20, "column": 58 } },
      "20": { "start": { "line": 21, "column": 0 }, "end": { "line": 21, "column": 35 } },
      "21": { "start": { "line": 22, "column": 0 }, "end": { "line": 22, "column": 29 } },
      "22": { "start": { "line": 23, "column": 0 }, "end": { "line": 23, "column": 12 } },
      "23": { "start": { "line": 24, "column": 0 }, "end": { "line": 24, "column": 22 } },
      "24": { "start": { "line": 25, "column": 0 }, "end": { "line": 25, "column": 56 } },
      "25": { "start": { "line": 26, "column": 0 }, "end": { "line": 26, "column": 14 } },
      "26": { "start": { "line": 27, "column": 0 }, "end": { "line": 27, "column": 10 } },
      "27": { "start": { "line": 28, "column": 0 }, "end": { "line": 28, "column": 28 } },
      "28": { "start": { "line": 29, "column": 0 }, "end": { "line": 29, "column": 32 } },
      "30": { "start": { "line": 31, "column": 0 }, "end": { "line": 31, "column": 1 } }
    },
    "s": {
      "0": 0,
      "1": 0,
      "2": 0,
      "4": 0,
      "6": 0,
      "7": 0,
      "14": 0,
      "15": 0,
      "17": 0,
      "18": 0,
      "19": 0,
      "20": 0,
      "21": 0,
      "22": 0,
      "23": 0,
      "24": 0,
      "25": 0,
      "26": 0,
      "27": 0,
      "28": 0,
      "30": 0
    },
    "branchMap": {
      "0": {
        "type": "branch",
        "line": 1,
        "loc": { "start": { "line": 1, "column": 0 }, "end": { "line": 31, "column": -462 } },
        "locations": [
          { "start": { "line": 1, "column": 0 }, "end": { "line": 31, "column": -462 } }
        ]
      }
    },
    "b": { "0": [0] },
    "fnMap": {
      "0": {
        "name": "(empty-report)",
        "decl": { "start": { "line": 1, "column": 0 }, "end": { "line": 31, "column": -462 } },
        "loc": { "start": { "line": 1, "column": 0 }, "end": { "line": 31, "column": -462 } },
        "line": 1
      }
    },
    "f": { "0": 0 }
  },
  "C:\\Proyectos\\react-clean-architecture-template\\packages\\template\\src\\app\\composition\\useAuth.ts": {
    "path": "C:\\Proyectos\\react-clean-architecture-template\\packages\\template\\src\\app\\composition\\useAuth.ts",
    "all": false,
    "statementMap": {
      "0": { "start": { "line": 1, "column": 0 }, "end": { "line": 1, "column": 47 } },
      "20": { "start": { "line": 21, "column": 0 }, "end": { "line": 21, "column": 30 } },
      "22": { "start": { "line": 23, "column": 0 }, "end": { "line": 23, "column": 35 } },
      "24": { "start": { "line": 25, "column": 0 }, "end": { "line": 25, "column": 10 } },
      "25": { "start": { "line": 26, "column": 0 }, "end": { "line": 26, "column": 39 } },
      "26": { "start": { "line": 27, "column": 0 }, "end": { "line": 27, "column": 41 } },
      "27": { "start": { "line": 28, "column": 0 }, "end": { "line": 28, "column": 38 } },
      "28": { "start": { "line": 29, "column": 0 }, "end": { "line": 29, "column": 3 } },
      "29": { "start": { "line": 30, "column": 0 }, "end": { "line": 30, "column": 1 } }
    },
    "s": { "0": 0, "20": 1, "22": 3, "24": 3, "25": 3, "26": 3, "27": 3, "28": 3, "29": 3 },
    "branchMap": {
      "0": {
        "type": "branch",
        "line": 1,
        "loc": { "start": { "line": 1, "column": 0 }, "end": { "line": 1, "column": 47 } },
        "locations": [{ "start": { "line": 1, "column": 0 }, "end": { "line": 1, "column": 47 } }]
      },
      "1": {
        "type": "branch",
        "line": 1,
        "loc": { "start": { "line": 1, "column": 0 }, "end": { "line": 1, "column": 47 } },
        "locations": [{ "start": { "line": 1, "column": 0 }, "end": { "line": 1, "column": 47 } }]
      },
      "2": {
        "type": "branch",
        "line": 21,
        "loc": { "start": { "line": 21, "column": 23 }, "end": { "line": 30, "column": 1 } },
        "locations": [{ "start": { "line": 21, "column": 23 }, "end": { "line": 30, "column": 1 } }]
      },
      "3": {
        "type": "branch",
        "line": 26,
        "loc": { "start": { "line": 26, "column": 26 }, "end": { "line": 26, "column": 39 } },
        "locations": [
          { "start": { "line": 26, "column": 26 }, "end": { "line": 26, "column": 39 } }
        ]
      }
    },
    "b": { "0": [3], "1": [0], "2": [3], "3": [2] },
    "fnMap": {
      "0": {
        "name": "get",
        "decl": { "start": { "line": 1, "column": 0 }, "end": { "line": 1, "column": 47 } },
        "loc": { "start": { "line": 1, "column": 0 }, "end": { "line": 1, "column": 47 } },
        "line": 1
      },
      "1": {
        "name": "useAuth",
        "decl": { "start": { "line": 21, "column": 23 }, "end": { "line": 30, "column": 1 } },
        "loc": { "start": { "line": 21, "column": 23 }, "end": { "line": 30, "column": 1 } },
        "line": 21
      }
    },
    "f": { "0": 3, "1": 3 }
  },
  "C:\\Proyectos\\react-clean-architecture-template\\packages\\template\\src\\app\\composition\\useContainer.ts": {
    "path": "C:\\Proyectos\\react-clean-architecture-template\\packages\\template\\src\\app\\composition\\useContainer.ts",
    "all": false,
    "statementMap": {
      "0": { "start": { "line": 1, "column": 0 }, "end": { "line": 1, "column": 34 } },
      "3": { "start": { "line": 4, "column": 0 }, "end": { "line": 4, "column": 53 } },
      "6": { "start": { "line": 7, "column": 0 }, "end": { "line": 7, "column": 35 } },
      "13": { "start": { "line": 14, "column": 0 }, "end": { "line": 14, "column": 49 } },
      "14": { "start": { "line": 15, "column": 0 }, "end": { "line": 15, "column": 42 } },
      "15": { "start": { "line": 16, "column": 0 }, "end": { "line": 16, "column": 76 } },
      "16": { "start": { "line": 17, "column": 0 }, "end": { "line": 17, "column": 12 } },
      "17": { "start": { "line": 18, "column": 0 }, "end": { "line": 18, "column": 1 } }
    },
    "s": { "0": 0, "3": 1, "6": 1, "13": 1, "14": 0, "15": 0, "16": 0, "17": 0 },
    "branchMap": {
      "0": {
        "type": "branch",
        "line": 1,
        "loc": { "start": { "line": 1, "column": 0 }, "end": { "line": 1, "column": 34 } },
        "locations": [{ "start": { "line": 1, "column": 0 }, "end": { "line": 1, "column": 34 } }]
      },
      "1": {
        "type": "branch",
        "line": 1,
        "loc": { "start": { "line": 1, "column": 0 }, "end": { "line": 1, "column": 34 } },
        "locations": [{ "start": { "line": 1, "column": 0 }, "end": { "line": 1, "column": 34 } }]
      }
    },
    "b": { "0": [6], "1": [0] },
    "fnMap": {
      "0": {
        "name": "get",
        "decl": { "start": { "line": 1, "column": 0 }, "end": { "line": 1, "column": 34 } },
        "loc": { "start": { "line": 1, "column": 0 }, "end": { "line": 1, "column": 34 } },
        "line": 1
      },
      "1": {
        "name": "useContainer",
        "decl": { "start": { "line": 14, "column": 28 }, "end": { "line": 18, "column": 1 } },
        "loc": { "start": { "line": 14, "column": 28 }, "end": { "line": 18, "column": 1 } },
        "line": 14
      }
    },
    "f": { "0": 6, "1": 0 }
  },
  "C:\\Proyectos\\react-clean-architecture-template\\packages\\template\\src\\app\\extensions\\auth.tsx": {
    "path": "C:\\Proyectos\\react-clean-architecture-template\\packages\\template\\src\\app\\extensions\\auth.tsx",
    "all": false,
    "statementMap": {
      "0": { "start": { "line": 1, "column": 0 }, "end": { "line": 1, "column": 45 } },
      "1": { "start": { "line": 2, "column": 0 }, "end": { "line": 2, "column": 8 } },
      "8": { "start": { "line": 9, "column": 0 }, "end": { "line": 9, "column": 66 } },
      "9": { "start": { "line": 10, "column": 0 }, "end": { "line": 10, "column": 23 } },
      "11": { "start": { "line": 12, "column": 0 }, "end": { "line": 12, "column": 46 } },
      "13": { "start": { "line": 14, "column": 0 }, "end": { "line": 14, "column": 45 } },
      "14": { "start": { "line": 15, "column": 0 }, "end": { "line": 15, "column": 33 } },
      "15": { "start": { "line": 16, "column": 0 }, "end": { "line": 16, "column": 2 } },
      "17": { "start": { "line": 18, "column": 0 }, "end": { "line": 18, "column": 45 } },
      "18": { "start": { "line": 19, "column": 0 }, "end": { "line": 19, "column": 59 } },
      "19": { "start": { "line": 20, "column": 0 }, "end": { "line": 20, "column": 35 } },
      "20": { "start": { "line": 21, "column": 0 }, "end": { "line": 21, "column": 51 } },
      "21": { "start": { "line": 22, "column": 0 }, "end": { "line": 22, "column": 54 } },
      "22": { "start": { "line": 23, "column": 0 }, "end": { "line": 23, "column": 7 } },
      "24": { "start": { "line": 25, "column": 0 }, "end": { "line": 25, "column": 39 } },
      "25": { "start": { "line": 26, "column": 0 }, "end": { "line": 26, "column": 62 } },
      "27": { "start": { "line": 28, "column": 0 }, "end": { "line": 28, "column": 48 } },
      "28": { "start": { "line": 29, "column": 0 }, "end": { "line": 29, "column": 16 } },
      "29": { "start": { "line": 30, "column": 0 }, "end": { "line": 30, "column": 27 } },
      "30": { "start": { "line": 31, "column": 0 }, "end": { "line": 31, "column": 88 } },
      "31": { "start": { "line": 32, "column": 0 }, "end": { "line": 32, "column": 34 } },
      "32": { "start": { "line": 33, "column": 0 }, "end": { "line": 33, "column": 21 } },
      "33": { "start": { "line": 34, "column": 0 }, "end": { "line": 34, "column": 69 } },
      "34": { "start": { "line": 35, "column": 0 }, "end": { "line": 35, "column": 11 } },
      "35": { "start": { "line": 36, "column": 0 }, "end": { "line": 36, "column": 58 } },
      "36": { "start": { "line": 37, "column": 0 }, "end": { "line": 37, "column": 46 } },
      "37": { "start": { "line": 38, "column": 0 }, "end": { "line": 38, "column": 25 } },
      "38": { "start": { "line": 39, "column": 0 }, "end": { "line": 39, "column": 99 } },
      "39": { "start": { "line": 40, "column": 0 }, "end": { "line": 40, "column": 13 } },
      "40": { "start": { "line": 41, "column": 0 }, "end": { "line": 41, "column": 11 } },
      "41": { "start": { "line": 42, "column": 0 }, "end": { "line": 42, "column": 10 } },
      "42": { "start": { "line": 43, "column": 0 }, "end": { "line": 43, "column": 35 } },
      "43": { "start": { "line": 44, "column": 0 }, "end": { "line": 44, "column": 79 } },
      "44": { "start": { "line": 45, "column": 0 }, "end": { "line": 45, "column": 27 } },
      "45": { "start": { "line": 46, "column": 0 }, "end": { "line": 46, "column": 33 } },
      "46": { "start": { "line": 47, "column": 0 }, "end": { "line": 47, "column": 35 } },
      "47": { "start": { "line": 48, "column": 0 }, "end": { "line": 48, "column": 55 } },
      "48": { "start": { "line": 49, "column": 0 }, "end": { "line": 49, "column": 12 } },
      "50": { "start": { "line": 51, "column": 0 }, "end": { "line": 51, "column": 31 } },
      "51": { "start": { "line": 52, "column": 0 }, "end": { "line": 52, "column": 31 } },
      "52": { "start": { "line": 53, "column": 0 }, "end": { "line": 53, "column": 50 } },
      "53": { "start": { "line": 54, "column": 0 }, "end": { "line": 54, "column": 72 } },
      "54": { "start": { "line": 55, "column": 0 }, "end": { "line": 55, "column": 15 } },
      "56": { "start": { "line": 57, "column": 0 }, "end": { "line": 57, "column": 37 } },
      "57": { "start": { "line": 58, "column": 0 }, "end": { "line": 58, "column": 14 } },
      "58": { "start": { "line": 59, "column": 0 }, "end": { "line": 59, "column": 28 } },
      "59": { "start": { "line": 60, "column": 0 }, "end": { "line": 60, "column": 12 } },
      "60": { "start": { "line": 61, "column": 0 }, "end": { "line": 61, "column": 10 } },
      "61": { "start": { "line": 62, "column": 0 }, "end": { "line": 62, "column": 8 } },
      "63": { "start": { "line": 64, "column": 0 }, "end": { "line": 64, "column": 73 } },
      "64": { "start": { "line": 65, "column": 0 }, "end": { "line": 65, "column": 8 } },
      "66": { "start": { "line": 67, "column": 0 }, "end": { "line": 67, "column": 70 } },
      "67": { "start": { "line": 68, "column": 0 }, "end": { "line": 68, "column": 70 } },
      "68": { "start": { "line": 69, "column": 0 }, "end": { "line": 69, "column": 4 } },
      "69": { "start": { "line": 70, "column": 0 }, "end": { "line": 70, "column": 47 } },
      "70": { "start": { "line": 71, "column": 0 }, "end": { "line": 71, "column": 79 } },
      "72": { "start": { "line": 73, "column": 0 }, "end": { "line": 73, "column": 53 } },
      "73": { "start": { "line": 74, "column": 0 }, "end": { "line": 74, "column": 47 } },
      "74": { "start": { "line": 75, "column": 0 }, "end": { "line": 75, "column": 45 } },
      "75": { "start": { "line": 76, "column": 0 }, "end": { "line": 76, "column": 2 } }
    },
    "s": {
      "0": 0,
      "1": 1,
      "8": 1,
      "9": 1,
      "11": 1,
      "13": 1,
      "14": 1,
      "15": 1,
      "17": 1,
      "18": 1,
      "19": 0,
      "20": 0,
      "21": 0,
      "22": 0,
      "24": 0,
      "25": 0,
      "27": 0,
      "28": 0,
      "29": 0,
      "30": 0,
      "31": 0,
      "32": 0,
      "33": 0,
      "34": 0,
      "35": 0,
      "36": 0,
      "37": 0,
      "38": 0,
      "39": 0,
      "40": 0,
      "41": 0,
      "42": 0,
      "43": 0,
      "44": 0,
      "45": 0,
      "46": 0,
      "47": 0,
      "48": 0,
      "50": 0,
      "51": 0,
      "52": 0,
      "53": 0,
      "54": 0,
      "56": 0,
      "57": 0,
      "58": 0,
      "59": 0,
      "60": 0,
      "61": 0,
      "63": 0,
      "64": 0,
      "66": 0,
      "67": 0,
      "68": 0,
      "69": 1,
      "70": 0,
      "72": 1,
      "73": 1,
      "74": 1,
      "75": 1
    },
    "branchMap": {
      "0": {
        "type": "branch",
        "line": 1,
        "loc": { "start": { "line": 1, "column": 0 }, "end": { "line": 1, "column": 45 } },
        "locations": [{ "start": { "line": 1, "column": 0 }, "end": { "line": 1, "column": 45 } }]
      },
      "1": {
        "type": "branch",
        "line": 1,
        "loc": { "start": { "line": 1, "column": 0 }, "end": { "line": 1, "column": 45 } },
        "locations": [{ "start": { "line": 1, "column": 0 }, "end": { "line": 1, "column": 45 } }]
      }
    },
    "b": { "0": [2], "1": [0] },
    "fnMap": {
      "0": {
        "name": "get",
        "decl": { "start": { "line": 1, "column": 0 }, "end": { "line": 1, "column": 45 } },
        "loc": { "start": { "line": 1, "column": 0 }, "end": { "line": 1, "column": 45 } },
        "line": 1
      },
      "1": {
        "name": "createAdapters",
        "decl": { "start": { "line": 19, "column": 18 }, "end": { "line": 69, "column": 4 } },
        "loc": { "start": { "line": 19, "column": 18 }, "end": { "line": 69, "column": 4 } },
        "line": 19
      },
      "2": {
        "name": "renderProvider",
        "decl": { "start": { "line": 70, "column": 18 }, "end": { "line": 71, "column": 79 } },
        "loc": { "start": { "line": 70, "column": 18 }, "end": { "line": 71, "column": 79 } },
        "line": 70
      }
    },
    "f": { "0": 2, "1": 0, "2": 0 }
  },
  "C:\\Proyectos\\react-clean-architecture-template\\packages\\template\\src\\app\\extensions\\contracts.ts": {
    "path": "C:\\Proyectos\\react-clean-architecture-template\\packages\\template\\src\\app\\extensions\\contracts.ts",
    "all": false,
    "statementMap": {
      "0": { "start": { "line": 1, "column": 0 }, "end": { "line": 1, "column": 54 } },
      "41": { "start": { "line": 42, "column": 0 }, "end": { "line": 42, "column": 83 } },
      "42": { "start": { "line": 43, "column": 0 }, "end": { "line": 43, "column": 37 } },
      "43": { "start": { "line": 44, "column": 0 }, "end": { "line": 44, "column": 56 } },
      "45": { "start": { "line": 46, "column": 0 }, "end": { "line": 46, "column": 84 } },
      "46": { "start": { "line": 47, "column": 0 }, "end": { "line": 47, "column": 4 } },
      "48": { "start": { "line": 49, "column": 0 }, "end": { "line": 49, "column": 63 } },
      "49": { "start": { "line": 50, "column": 0 }, "end": { "line": 50, "column": 77 } },
      "51": { "start": { "line": 52, "column": 0 }, "end": { "line": 52, "column": 43 } },
      "52": { "start": { "line": 53, "column": 0 }, "end": { "line": 53, "column": 8 } },
      "53": { "start": { "line": 54, "column": 0 }, "end": { "line": 54, "column": 9 } },
      "54": { "start": { "line": 55, "column": 0 }, "end": { "line": 55, "column": 13 } },
      "55": { "start": { "line": 56, "column": 0 }, "end": { "line": 56, "column": 4 } },
      "59": { "start": { "line": 60, "column": 0 }, "end": { "line": 60, "column": 7 } },
      "60": { "start": { "line": 61, "column": 0 }, "end": { "line": 61, "column": 36 } },
      "61": { "start": { "line": 62, "column": 0 }, "end": { "line": 62, "column": 10 } },
      "62": { "start": { "line": 63, "column": 0 }, "end": { "line": 63, "column": 3 } },
      "64": { "start": { "line": 65, "column": 0 }, "end": { "line": 65, "column": 18 } },
      "65": { "start": { "line": 66, "column": 0 }, "end": { "line": 66, "column": 122 } },
      "66": { "start": { "line": 67, "column": 0 }, "end": { "line": 67, "column": 3 } },
      "67": { "start": { "line": 68, "column": 0 }, "end": { "line": 68, "column": 1 } },
      "73": { "start": { "line": 74, "column": 0 }, "end": { "line": 74, "column": 44 } },
      "74": { "start": { "line": 75, "column": 0 }, "end": { "line": 75, "column": 43 } },
      "75": { "start": { "line": 76, "column": 0 }, "end": { "line": 76, "column": 39 } },
      "76": { "start": { "line": 77, "column": 0 }, "end": { "line": 77, "column": 54 } },
      "78": { "start": { "line": 79, "column": 0 }, "end": { "line": 79, "column": 27 } },
      "79": { "start": { "line": 80, "column": 0 }, "end": { "line": 80, "column": 38 } },
      "80": { "start": { "line": 81, "column": 0 }, "end": { "line": 81, "column": 26 } },
      "81": { "start": { "line": 82, "column": 0 }, "end": { "line": 82, "column": 36 } },
      "82": { "start": { "line": 83, "column": 0 }, "end": { "line": 83, "column": 17 } },
      "83": { "start": { "line": 84, "column": 0 }, "end": { "line": 84, "column": 6 } },
      "84": { "start": { "line": 85, "column": 0 }, "end": { "line": 85, "column": 3 } },
      "86": { "start": { "line": 87, "column": 0 }, "end": { "line": 87, "column": 27 } },
      "87": { "start": { "line": 88, "column": 0 }, "end": { "line": 88, "column": 38 } },
      "88": { "start": { "line": 89, "column": 0 }, "end": { "line": 89, "column": 26 } },
      "89": { "start": { "line": 90, "column": 0 }, "end": { "line": 90, "column": 36 } },
      "90": { "start": { "line": 91, "column": 0 }, "end": { "line": 91, "column": 17 } },
      "91": { "start": { "line": 92, "column": 0 }, "end": { "line": 92, "column": 6 } },
      "92": { "start": { "line": 93, "column": 0 }, "end": { "line": 93, "column": 3 } },
      "94": { "start": { "line": 95, "column": 0 }, "end": { "line": 95, "column": 16 } },
      "95": { "start": { "line": 96, "column": 0 }, "end": { "line": 96, "column": 1 } }
    },
    "s": {
      "0": 0,
      "41": 1,
      "42": 14,
      "43": 7,
      "45": 7,
      "46": 7,
      "48": 1,
      "49": 3,
      "51": 1,
      "52": 11,
      "53": 11,
      "54": 11,
      "55": 11,
      "59": 11,
      "60": 11,
      "61": 8,
      "62": 8,
      "64": 3,
      "65": 3,
      "66": 3,
      "67": 3,
      "73": 1,
      "74": 7,
      "75": 7,
      "76": 7,
      "78": 7,
      "79": 6,
      "80": 6,
      "81": 6,
      "82": 6,
      "83": 6,
      "84": 6,
      "86": 5,
      "87": 5,
      "88": 5,
      "89": 5,
      "90": 5,
      "91": 5,
      "92": 5,
      "94": 4,
      "95": 4
    },
    "branchMap": {
      "0": {
        "type": "branch",
        "line": 1,
        "loc": { "start": { "line": 1, "column": 0 }, "end": { "line": 1, "column": 54 } },
        "locations": [{ "start": { "line": 1, "column": 0 }, "end": { "line": 1, "column": 54 } }]
      },
      "1": {
        "type": "branch",
        "line": 1,
        "loc": { "start": { "line": 1, "column": 0 }, "end": { "line": 1, "column": 54 } },
        "locations": [{ "start": { "line": 1, "column": 0 }, "end": { "line": 1, "column": 54 } }]
      },
      "2": {
        "type": "branch",
        "line": 42,
        "loc": { "start": { "line": 42, "column": 26 }, "end": { "line": 47, "column": 4 } },
        "locations": [{ "start": { "line": 42, "column": 26 }, "end": { "line": 47, "column": 4 } }]
      },
      "3": {
        "type": "branch",
        "line": 43,
        "loc": { "start": { "line": 43, "column": 3 }, "end": { "line": 43, "column": 17 } },
        "locations": [{ "start": { "line": 43, "column": 3 }, "end": { "line": 43, "column": 17 } }]
      },
      "4": {
        "type": "branch",
        "line": 43,
        "loc": { "start": { "line": 43, "column": 25 }, "end": { "line": 47, "column": 4 } },
        "locations": [{ "start": { "line": 43, "column": 25 }, "end": { "line": 47, "column": 4 } }]
      },
      "5": {
        "type": "branch",
        "line": 46,
        "loc": { "start": { "line": 46, "column": 70 }, "end": { "line": 46, "column": 84 } },
        "locations": [
          { "start": { "line": 46, "column": 70 }, "end": { "line": 46, "column": 84 } }
        ]
      },
      "6": {
        "type": "branch",
        "line": 49,
        "loc": { "start": { "line": 49, "column": 30 }, "end": { "line": 50, "column": 77 } },
        "locations": [
          { "start": { "line": 49, "column": 30 }, "end": { "line": 50, "column": 77 } }
        ]
      },
      "7": {
        "type": "branch",
        "line": 50,
        "loc": { "start": { "line": 50, "column": 46 }, "end": { "line": 50, "column": 77 } },
        "locations": [
          { "start": { "line": 50, "column": 46 }, "end": { "line": 50, "column": 77 } }
        ]
      },
      "8": {
        "type": "branch",
        "line": 52,
        "loc": { "start": { "line": 52, "column": 41 }, "end": { "line": 68, "column": 1 } },
        "locations": [{ "start": { "line": 52, "column": 41 }, "end": { "line": 68, "column": 1 } }]
      },
      "9": {
        "type": "branch",
        "line": 61,
        "loc": { "start": { "line": 61, "column": 35 }, "end": { "line": 63, "column": 3 } },
        "locations": [{ "start": { "line": 61, "column": 35 }, "end": { "line": 63, "column": 3 } }]
      },
      "10": {
        "type": "branch",
        "line": 63,
        "loc": { "start": { "line": 63, "column": 2 }, "end": { "line": 68, "column": 1 } },
        "locations": [{ "start": { "line": 63, "column": 2 }, "end": { "line": 68, "column": 1 } }]
      },
      "11": {
        "type": "branch",
        "line": 74,
        "loc": { "start": { "line": 74, "column": 32 }, "end": { "line": 96, "column": 1 } },
        "locations": [{ "start": { "line": 74, "column": 32 }, "end": { "line": 96, "column": 1 } }]
      },
      "12": {
        "type": "branch",
        "line": 79,
        "loc": { "start": { "line": 79, "column": 26 }, "end": { "line": 85, "column": 3 } },
        "locations": [{ "start": { "line": 79, "column": 26 }, "end": { "line": 85, "column": 3 } }]
      },
      "13": {
        "type": "branch",
        "line": 85,
        "loc": { "start": { "line": 85, "column": 2 }, "end": { "line": 93, "column": 3 } },
        "locations": [{ "start": { "line": 85, "column": 2 }, "end": { "line": 93, "column": 3 } }]
      },
      "14": {
        "type": "branch",
        "line": 93,
        "loc": { "start": { "line": 93, "column": 2 }, "end": { "line": 96, "column": 1 } },
        "locations": [{ "start": { "line": 93, "column": 2 }, "end": { "line": 96, "column": 1 } }]
      }
    },
    "b": {
      "0": [7],
      "1": [0],
      "2": [14],
      "3": [7],
      "4": [7],
      "5": [0],
      "6": [3],
      "7": [0],
      "8": [11],
      "9": [8],
      "10": [3],
      "11": [7],
      "12": [6],
      "13": [5],
      "14": [4]
    },
    "fnMap": {
      "0": {
        "name": "get",
        "decl": { "start": { "line": 1, "column": 0 }, "end": { "line": 1, "column": 54 } },
        "loc": { "start": { "line": 1, "column": 0 }, "end": { "line": 1, "column": 54 } },
        "line": 1
      },
      "1": {
        "name": "collectRoutePaths",
        "decl": { "start": { "line": 42, "column": 26 }, "end": { "line": 47, "column": 4 } },
        "loc": { "start": { "line": 42, "column": 26 }, "end": { "line": 47, "column": 4 } },
        "line": 42
      },
      "2": {
        "name": "formatAvailableRoutes",
        "decl": { "start": { "line": 49, "column": 30 }, "end": { "line": 50, "column": 77 } },
        "loc": { "start": { "line": 49, "column": 30 }, "end": { "line": 50, "column": 77 } },
        "line": 49
      },
      "3": {
        "name": "assertFeatureTargetMatchesRoutes",
        "decl": { "start": { "line": 52, "column": 41 }, "end": { "line": 68, "column": 1 } },
        "loc": { "start": { "line": 52, "column": 41 }, "end": { "line": 68, "column": 1 } },
        "line": 52
      },
      "4": {
        "name": "defineAppFeature",
        "decl": { "start": { "line": 74, "column": 32 }, "end": { "line": 96, "column": 1 } },
        "loc": { "start": { "line": 74, "column": 32 }, "end": { "line": 96, "column": 1 } },
        "line": 74
      }
    },
    "f": { "0": 7, "1": 14, "2": 3, "3": 11, "4": 7 }
  },
  "C:\\Proyectos\\react-clean-architecture-template\\packages\\template\\src\\app\\extensions\\products.tsx": {
    "path": "C:\\Proyectos\\react-clean-architecture-template\\packages\\template\\src\\app\\extensions\\products.tsx",
    "all": false,
    "statementMap": {
      "0": { "start": { "line": 1, "column": 0 }, "end": { "line": 1, "column": 59 } },
      "1": { "start": { "line": 2, "column": 0 }, "end": { "line": 2, "column": 53 } },
      "2": { "start": { "line": 3, "column": 0 }, "end": { "line": 3, "column": 8 } },
      "9": { "start": { "line": 10, "column": 0 }, "end": { "line": 10, "column": 46 } },
      "11": { "start": { "line": 12, "column": 0 }, "end": { "line": 12, "column": 49 } },
      "12": { "start": { "line": 13, "column": 0 }, "end": { "line": 13, "column": 51 } },
      "13": { "start": { "line": 14, "column": 0 }, "end": { "line": 14, "column": 56 } },
      "14": { "start": { "line": 15, "column": 0 }, "end": { "line": 15, "column": 65 } },
      "16": { "start": { "line": 17, "column": 0 }, "end": { "line": 17, "column": 59 } },
      "17": { "start": { "line": 18, "column": 0 }, "end": { "line": 18, "column": 4 } },
      "18": { "start": { "line": 19, "column": 0 }, "end": { "line": 19, "column": 47 } },
      "19": { "start": { "line": 20, "column": 0 }, "end": { "line": 20, "column": 85 } },
      "21": { "start": { "line": 22, "column": 0 }, "end": { "line": 22, "column": 90 } },
      "22": { "start": { "line": 23, "column": 0 }, "end": { "line": 23, "column": 34 } },
      "23": { "start": { "line": 24, "column": 0 }, "end": { "line": 24, "column": 53 } },
      "24": { "start": { "line": 25, "column": 0 }, "end": { "line": 25, "column": 2 } }
    },
    "s": {
      "0": 0,
      "1": 1,
      "2": 1,
      "9": 1,
      "11": 1,
      "12": 1,
      "13": 0,
      "14": 0,
      "16": 0,
      "17": 0,
      "18": 1,
      "19": 0,
      "21": 1,
      "22": 1,
      "23": 1,
      "24": 1
    },
    "branchMap": {
      "0": {
        "type": "branch",
        "line": 1,
        "loc": { "start": { "line": 1, "column": 0 }, "end": { "line": 1, "column": 59 } },
        "locations": [{ "start": { "line": 1, "column": 0 }, "end": { "line": 1, "column": 59 } }]
      },
      "1": {
        "type": "branch",
        "line": 1,
        "loc": { "start": { "line": 1, "column": 0 }, "end": { "line": 1, "column": 59 } },
        "locations": [{ "start": { "line": 1, "column": 0 }, "end": { "line": 1, "column": 59 } }]
      }
    },
    "b": { "0": [2], "1": [0] },
    "fnMap": {
      "0": {
        "name": "get",
        "decl": { "start": { "line": 1, "column": 0 }, "end": { "line": 1, "column": 59 } },
        "loc": { "start": { "line": 1, "column": 0 }, "end": { "line": 1, "column": 59 } },
        "line": 1
      },
      "1": {
        "name": "createAdapters",
        "decl": { "start": { "line": 13, "column": 18 }, "end": { "line": 18, "column": 4 } },
        "loc": { "start": { "line": 13, "column": 18 }, "end": { "line": 18, "column": 4 } },
        "line": 13
      },
      "2": {
        "name": "renderProvider",
        "decl": { "start": { "line": 19, "column": 18 }, "end": { "line": 20, "column": 85 } },
        "loc": { "start": { "line": 19, "column": 18 }, "end": { "line": 20, "column": 85 } },
        "line": 19
      }
    },
    "f": { "0": 2, "1": 0, "2": 0 }
  },
  "C:\\Proyectos\\react-clean-architecture-template\\packages\\template\\src\\app\\extensions\\registry.tsx": {
    "path": "C:\\Proyectos\\react-clean-architecture-template\\packages\\template\\src\\app\\extensions\\registry.tsx",
    "all": false,
    "statementMap": {
      "0": { "start": { "line": 1, "column": 0 }, "end": { "line": 1, "column": 38 } },
      "3": { "start": { "line": 4, "column": 0 }, "end": { "line": 4, "column": 36 } },
      "10": { "start": { "line": 11, "column": 0 }, "end": { "line": 11, "column": 44 } },
      "15": { "start": { "line": 16, "column": 0 }, "end": { "line": 16, "column": 35 } },
      "16": { "start": { "line": 17, "column": 0 }, "end": { "line": 17, "column": 20 } },
      "17": { "start": { "line": 18, "column": 0 }, "end": { "line": 18, "column": 28 } },
      "18": { "start": { "line": 19, "column": 0 }, "end": { "line": 19, "column": 10 } },
      "28": { "start": { "line": 29, "column": 0 }, "end": { "line": 29, "column": 85 } },
      "29": { "start": { "line": 30, "column": 0 }, "end": { "line": 30, "column": 31 } },
      "42": { "start": { "line": 43, "column": 0 }, "end": { "line": 43, "column": 73 } },
      "43": { "start": { "line": 44, "column": 0 }, "end": { "line": 44, "column": 22 } },
      "44": { "start": { "line": 45, "column": 0 }, "end": { "line": 45, "column": 29 } },
      "46": { "start": { "line": 47, "column": 0 }, "end": { "line": 47, "column": 21 } },
      "47": { "start": { "line": 48, "column": 0 }, "end": { "line": 48, "column": 110 } },
      "48": { "start": { "line": 49, "column": 0 }, "end": { "line": 49, "column": 33 } },
      "50": { "start": { "line": 51, "column": 0 }, "end": { "line": 51, "column": 91 } },
      "51": { "start": { "line": 52, "column": 0 }, "end": { "line": 52, "column": 52 } },
      "54": { "start": { "line": 55, "column": 0 }, "end": { "line": 55, "column": 74 } },
      "55": { "start": { "line": 56, "column": 0 }, "end": { "line": 56, "column": 69 } },
      "56": { "start": { "line": 57, "column": 0 }, "end": { "line": 57, "column": 39 } },
      "57": { "start": { "line": 58, "column": 0 }, "end": { "line": 58, "column": 22 } },
      "59": { "start": { "line": 60, "column": 0 }, "end": { "line": 60, "column": 87 } },
      "60": { "start": { "line": 61, "column": 0 }, "end": { "line": 61, "column": 52 } },
      "64": { "start": { "line": 65, "column": 0 }, "end": { "line": 65, "column": 26 } },
      "65": { "start": { "line": 66, "column": 0 }, "end": { "line": 66, "column": 17 } },
      "66": { "start": { "line": 67, "column": 0 }, "end": { "line": 67, "column": 5 } },
      "68": { "start": { "line": 69, "column": 0 }, "end": { "line": 69, "column": 27 } },
      "69": { "start": { "line": 70, "column": 0 }, "end": { "line": 70, "column": 37 } },
      "70": { "start": { "line": 71, "column": 0 }, "end": { "line": 71, "column": 21 } },
      "71": { "start": { "line": 72, "column": 0 }, "end": { "line": 72, "column": 15 } },
      "72": { "start": { "line": 73, "column": 0 }, "end": { "line": 73, "column": 14 } },
      "74": { "start": { "line": 75, "column": 0 }, "end": { "line": 75, "column": 106 } },
      "75": { "start": { "line": 76, "column": 0 }, "end": { "line": 76, "column": 64 } },
      "78": { "start": { "line": 79, "column": 0 }, "end": { "line": 79, "column": 68 } },
      "79": { "start": { "line": 80, "column": 0 }, "end": { "line": 80, "column": 88 } },
      "81": { "start": { "line": 82, "column": 0 }, "end": { "line": 82, "column": 83 } },
      "83": { "start": { "line": 84, "column": 0 }, "end": { "line": 84, "column": 92 } },
      "86": { "start": { "line": 87, "column": 0 }, "end": { "line": 87, "column": 72 } },
      "87": { "start": { "line": 88, "column": 0 }, "end": { "line": 88, "column": 94 } },
      "89": { "start": { "line": 90, "column": 0 }, "end": { "line": 90, "column": 54 } },
      "90": { "start": { "line": 91, "column": 0 }, "end": { "line": 91, "column": 51 } },
      "91": { "start": { "line": 92, "column": 0 }, "end": { "line": 92, "column": 3 } },
      "93": { "start": { "line": 94, "column": 0 }, "end": { "line": 94, "column": 72 } },
      "94": { "start": { "line": 95, "column": 0 }, "end": { "line": 95, "column": 42 } },
      "97": { "start": { "line": 98, "column": 0 }, "end": { "line": 98, "column": 73 } },
      "98": { "start": { "line": 99, "column": 0 }, "end": { "line": 99, "column": 90 } },
      "100": { "start": { "line": 101, "column": 0 }, "end": { "line": 101, "column": 104 } },
      "102": { "start": { "line": 103, "column": 0 }, "end": { "line": 103, "column": 100 } },
      "103": { "start": { "line": 104, "column": 0 }, "end": { "line": 104, "column": 67 } },
      "105": { "start": { "line": 106, "column": 0 }, "end": { "line": 106, "column": 32 } },
      "106": { "start": { "line": 107, "column": 0 }, "end": { "line": 107, "column": 20 } },
      "107": { "start": { "line": 108, "column": 0 }, "end": { "line": 108, "column": 103 } },
      "108": { "start": { "line": 109, "column": 0 }, "end": { "line": 109, "column": 5 } },
      "109": { "start": { "line": 110, "column": 0 }, "end": { "line": 110, "column": 3 } },
      "111": { "start": { "line": 112, "column": 0 }, "end": { "line": 112, "column": 32 } },
      "112": { "start": { "line": 113, "column": 0 }, "end": { "line": 113, "column": 1 } },
      "114": { "start": { "line": 115, "column": 0 }, "end": { "line": 115, "column": 74 } },
      "115": { "start": { "line": 116, "column": 0 }, "end": { "line": 116, "column": 90 } },
      "116": { "start": { "line": 117, "column": 0 }, "end": { "line": 117, "column": 21 } },
      "117": { "start": { "line": 118, "column": 0 }, "end": { "line": 118, "column": 53 } },
      "119": { "start": { "line": 120, "column": 0 }, "end": { "line": 120, "column": 76 } },
      "120": { "start": { "line": 121, "column": 0 }, "end": { "line": 121, "column": 1 } },
      "122": { "start": { "line": 123, "column": 0 }, "end": { "line": 123, "column": 97 } }
    },
    "s": {
      "0": 0,
      "3": 1,
      "10": 1,
      "15": 1,
      "16": 1,
      "17": 1,
      "18": 1,
      "28": 1,
      "29": 17,
      "42": 1,
      "43": 2,
      "44": 2,
      "46": 2,
      "47": 2,
      "48": 2,
      "50": 1,
      "51": 0,
      "54": 1,
      "55": 1,
      "56": 1,
      "57": 1,
      "59": 1,
      "60": 3,
      "64": 3,
      "65": 1,
      "66": 1,
      "68": 2,
      "69": 2,
      "70": 2,
      "71": 2,
      "72": 1,
      "74": 1,
      "75": 0,
      "78": 1,
      "79": 1,
      "81": 1,
      "83": 1,
      "86": 1,
      "87": 5,
      "89": 5,
      "90": 11,
      "91": 5,
      "93": 1,
      "94": 1,
      "97": 1,
      "98": 8,
      "100": 8,
      "102": 1,
      "103": 6,
      "105": 6,
      "106": 1,
      "107": 1,
      "108": 1,
      "109": 1,
      "111": 6,
      "112": 6,
      "114": 1,
      "115": 6,
      "116": 6,
      "117": 6,
      "119": 6,
      "120": 6,
      "122": 1
    },
    "branchMap": {
      "0": {
        "type": "branch",
        "line": 1,
        "loc": { "start": { "line": 1, "column": 0 }, "end": { "line": 1, "column": 38 } },
        "locations": [{ "start": { "line": 1, "column": 0 }, "end": { "line": 1, "column": 38 } }]
      },
      "1": {
        "type": "branch",
        "line": 1,
        "loc": { "start": { "line": 1, "column": 0 }, "end": { "line": 1, "column": 38 } },
        "locations": [{ "start": { "line": 1, "column": 0 }, "end": { "line": 1, "column": 38 } }]
      },
      "2": {
        "type": "branch",
        "line": 29,
        "loc": { "start": { "line": 29, "column": 26 }, "end": { "line": 30, "column": 31 } },
        "locations": [
          { "start": { "line": 29, "column": 26 }, "end": { "line": 30, "column": 31 } }
        ]
      },
      "3": {
        "type": "branch",
        "line": 43,
        "loc": { "start": { "line": 43, "column": 37 }, "end": { "line": 49, "column": 33 } },
        "locations": [
          { "start": { "line": 43, "column": 37 }, "end": { "line": 49, "column": 33 } }
        ]
      },
      "4": {
        "type": "branch",
        "line": 48,
        "loc": { "start": { "line": 48, "column": 36 }, "end": { "line": 48, "column": 108 } },
        "locations": [
          { "start": { "line": 48, "column": 36 }, "end": { "line": 48, "column": 108 } }
        ]
      },
      "5": {
        "type": "branch",
        "line": 55,
        "loc": { "start": { "line": 55, "column": 38 }, "end": { "line": 73, "column": 14 } },
        "locations": [
          { "start": { "line": 55, "column": 38 }, "end": { "line": 73, "column": 14 } }
        ]
      },
      "6": {
        "type": "branch",
        "line": 60,
        "loc": { "start": { "line": 60, "column": 53 }, "end": { "line": 73, "column": 5 } },
        "locations": [{ "start": { "line": 60, "column": 53 }, "end": { "line": 73, "column": 5 } }]
      },
      "7": {
        "type": "branch",
        "line": 65,
        "loc": { "start": { "line": 65, "column": 25 }, "end": { "line": 67, "column": 5 } },
        "locations": [{ "start": { "line": 65, "column": 25 }, "end": { "line": 67, "column": 5 } }]
      },
      "8": {
        "type": "branch",
        "line": 67,
        "loc": { "start": { "line": 67, "column": 4 }, "end": { "line": 73, "column": 5 } },
        "locations": [{ "start": { "line": 67, "column": 4 }, "end": { "line": 73, "column": 5 } }]
      },
      "9": {
        "type": "branch",
        "line": 79,
        "loc": { "start": { "line": 79, "column": 32 }, "end": { "line": 82, "column": 83 } },
        "locations": [
          { "start": { "line": 79, "column": 32 }, "end": { "line": 82, "column": 83 } }
        ]
      },
      "10": {
        "type": "branch",
        "line": 82,
        "loc": { "start": { "line": 82, "column": 38 }, "end": { "line": 82, "column": 82 } },
        "locations": [
          { "start": { "line": 82, "column": 38 }, "end": { "line": 82, "column": 82 } }
        ]
      },
      "11": {
        "type": "branch",
        "line": 82,
        "loc": { "start": { "line": 82, "column": 68 }, "end": { "line": 82, "column": 81 } },
        "locations": [
          { "start": { "line": 82, "column": 68 }, "end": { "line": 82, "column": 81 } }
        ]
      },
      "12": {
        "type": "branch",
        "line": 87,
        "loc": { "start": { "line": 87, "column": 36 }, "end": { "line": 92, "column": 3 } },
        "locations": [{ "start": { "line": 87, "column": 36 }, "end": { "line": 92, "column": 3 } }]
      },
      "13": {
        "type": "branch",
        "line": 90,
        "loc": { "start": { "line": 90, "column": 38 }, "end": { "line": 91, "column": 51 } },
        "locations": [
          { "start": { "line": 90, "column": 38 }, "end": { "line": 91, "column": 51 } }
        ]
      },
      "14": {
        "type": "branch",
        "line": 91,
        "loc": { "start": { "line": 91, "column": 12 }, "end": { "line": 91, "column": 48 } },
        "locations": [
          { "start": { "line": 91, "column": 12 }, "end": { "line": 91, "column": 48 } }
        ]
      },
      "15": {
        "type": "branch",
        "line": 91,
        "loc": { "start": { "line": 91, "column": 44 }, "end": { "line": 91, "column": 51 } },
        "locations": [
          { "start": { "line": 91, "column": 44 }, "end": { "line": 91, "column": 51 } }
        ]
      },
      "16": {
        "type": "branch",
        "line": 94,
        "loc": { "start": { "line": 94, "column": 39 }, "end": { "line": 95, "column": 42 } },
        "locations": [
          { "start": { "line": 94, "column": 39 }, "end": { "line": 95, "column": 42 } }
        ]
      },
      "17": {
        "type": "branch",
        "line": 98,
        "loc": { "start": { "line": 98, "column": 37 }, "end": { "line": 101, "column": 104 } },
        "locations": [
          { "start": { "line": 98, "column": 37 }, "end": { "line": 101, "column": 104 } }
        ]
      },
      "18": {
        "type": "branch",
        "line": 101,
        "loc": { "start": { "line": 101, "column": 38 }, "end": { "line": 101, "column": 103 } },
        "locations": [
          { "start": { "line": 101, "column": 38 }, "end": { "line": 101, "column": 103 } }
        ]
      },
      "19": {
        "type": "branch",
        "line": 101,
        "loc": { "start": { "line": 101, "column": 64 }, "end": { "line": 101, "column": 100 } },
        "locations": [
          { "start": { "line": 101, "column": 64 }, "end": { "line": 101, "column": 100 } }
        ]
      },
      "20": {
        "type": "branch",
        "line": 101,
        "loc": { "start": { "line": 101, "column": 96 }, "end": { "line": 101, "column": 103 } },
        "locations": [
          { "start": { "line": 101, "column": 96 }, "end": { "line": 101, "column": 103 } }
        ]
      },
      "21": {
        "type": "branch",
        "line": 103,
        "loc": { "start": { "line": 103, "column": 29 }, "end": { "line": 113, "column": 1 } },
        "locations": [
          { "start": { "line": 103, "column": 29 }, "end": { "line": 113, "column": 1 } }
        ]
      },
      "22": {
        "type": "branch",
        "line": 106,
        "loc": { "start": { "line": 106, "column": 31 }, "end": { "line": 110, "column": 3 } },
        "locations": [
          { "start": { "line": 106, "column": 31 }, "end": { "line": 110, "column": 3 } }
        ]
      },
      "23": {
        "type": "branch",
        "line": 110,
        "loc": { "start": { "line": 110, "column": 2 }, "end": { "line": 112, "column": 28 } },
        "locations": [
          { "start": { "line": 110, "column": 2 }, "end": { "line": 112, "column": 28 } }
        ]
      },
      "24": {
        "type": "branch",
        "line": 112,
        "loc": { "start": { "line": 112, "column": 23 }, "end": { "line": 112, "column": 32 } },
        "locations": [
          { "start": { "line": 112, "column": 23 }, "end": { "line": 112, "column": 32 } }
        ]
      },
      "25": {
        "type": "branch",
        "line": 104,
        "loc": { "start": { "line": 104, "column": 42 }, "end": { "line": 104, "column": 66 } },
        "locations": [
          { "start": { "line": 104, "column": 42 }, "end": { "line": 104, "column": 66 } }
        ]
      },
      "26": {
        "type": "branch",
        "line": 108,
        "loc": { "start": { "line": 108, "column": 71 }, "end": { "line": 108, "column": 88 } },
        "locations": [
          { "start": { "line": 108, "column": 71 }, "end": { "line": 108, "column": 88 } }
        ]
      },
      "27": {
        "type": "branch",
        "line": 115,
        "loc": { "start": { "line": 115, "column": 38 }, "end": { "line": 121, "column": 1 } },
        "locations": [
          { "start": { "line": 115, "column": 38 }, "end": { "line": 121, "column": 1 } }
        ]
      },
      "28": {
        "type": "branch",
        "line": 120,
        "loc": { "start": { "line": 120, "column": 41 }, "end": { "line": 120, "column": 50 } },
        "locations": [
          { "start": { "line": 120, "column": 41 }, "end": { "line": 120, "column": 50 } }
        ]
      },
      "29": {
        "type": "branch",
        "line": 120,
        "loc": { "start": { "line": 120, "column": 44 }, "end": { "line": 120, "column": 72 } },
        "locations": [
          { "start": { "line": 120, "column": 44 }, "end": { "line": 120, "column": 72 } }
        ]
      },
      "30": {
        "type": "branch",
        "line": 120,
        "loc": { "start": { "line": 120, "column": 63 }, "end": { "line": 120, "column": 72 } },
        "locations": [
          { "start": { "line": 120, "column": 63 }, "end": { "line": 120, "column": 72 } }
        ]
      },
      "31": {
        "type": "branch",
        "line": 120,
        "loc": { "start": { "line": 120, "column": 66 }, "end": { "line": 120, "column": 76 } },
        "locations": [
          { "start": { "line": 120, "column": 66 }, "end": { "line": 120, "column": 76 } }
        ]
      }
    },
    "b": {
      "0": [1],
      "1": [0],
      "2": [17],
      "3": [2],
      "4": [5],
      "5": [1],
      "6": [3],
      "7": [1],
      "8": [2],
      "9": [1],
      "10": [2],
      "11": [0],
      "12": [5],
      "13": [11],
      "14": [8],
      "15": [3],
      "16": [1],
      "17": [8],
      "18": [15],
      "19": [9],
      "20": [6],
      "21": [6],
      "22": [1],
      "23": [5],
      "24": [3],
      "25": [7],
      "26": [2],
      "27": [6],
      "28": [2],
      "29": [3],
      "30": [1],
      "31": [2]
    },
    "fnMap": {
      "0": {
        "name": "get",
        "decl": { "start": { "line": 1, "column": 0 }, "end": { "line": 1, "column": 38 } },
        "loc": { "start": { "line": 1, "column": 0 }, "end": { "line": 1, "column": 38 } },
        "line": 1
      },
      "1": {
        "name": "getFeatureEntries",
        "decl": { "start": { "line": 29, "column": 26 }, "end": { "line": 30, "column": 31 } },
        "loc": { "start": { "line": 29, "column": 26 }, "end": { "line": 30, "column": 31 } },
        "line": 29
      },
      "2": {
        "name": "createFeatureAdapters",
        "decl": { "start": { "line": 43, "column": 37 }, "end": { "line": 49, "column": 33 } },
        "loc": { "start": { "line": 43, "column": 37 }, "end": { "line": 49, "column": 33 } },
        "line": 43
      },
      "3": {
        "name": "createAppFeatureAdapters",
        "decl": { "start": { "line": 51, "column": 40 }, "end": { "line": 52, "column": 52 } },
        "loc": { "start": { "line": 51, "column": 40 }, "end": { "line": 52, "column": 52 } },
        "line": 51
      },
      "4": {
        "name": "renderFeatureProviders",
        "decl": { "start": { "line": 55, "column": 38 }, "end": { "line": 73, "column": 14 } },
        "loc": { "start": { "line": 55, "column": 38 }, "end": { "line": 73, "column": 14 } },
        "line": 55
      },
      "5": {
        "name": "renderAppFeatureProviders",
        "decl": { "start": { "line": 75, "column": 41 }, "end": { "line": 76, "column": 64 } },
        "loc": { "start": { "line": 75, "column": 41 }, "end": { "line": 76, "column": 64 } },
        "line": 75
      },
      "6": {
        "name": "getFeatureRoutes",
        "decl": { "start": { "line": 79, "column": 32 }, "end": { "line": 82, "column": 83 } },
        "loc": { "start": { "line": 79, "column": 32 }, "end": { "line": 82, "column": 83 } },
        "line": 79
      },
      "7": {
        "name": "getAppFeatureRoutes",
        "decl": { "start": { "line": 84, "column": 35 }, "end": { "line": 84, "column": 92 } },
        "loc": { "start": { "line": 84, "column": 35 }, "end": { "line": 84, "column": 92 } },
        "line": 84
      },
      "8": {
        "name": "getFeatureNavigation",
        "decl": { "start": { "line": 87, "column": 36 }, "end": { "line": 92, "column": 3 } },
        "loc": { "start": { "line": 87, "column": 36 }, "end": { "line": 92, "column": 3 } },
        "line": 87
      },
      "9": {
        "name": "getAppFeatureNavigation",
        "decl": { "start": { "line": 94, "column": 39 }, "end": { "line": 95, "column": 42 } },
        "loc": { "start": { "line": 94, "column": 39 }, "end": { "line": 95, "column": 42 } },
        "line": 94
      },
      "10": {
        "name": "getFeatureEntryRoutes",
        "decl": { "start": { "line": 98, "column": 37 }, "end": { "line": 101, "column": 104 } },
        "loc": { "start": { "line": 98, "column": 37 }, "end": { "line": 101, "column": 104 } },
        "line": 98
      },
      "11": {
        "name": "getDefaultEntryRoute",
        "decl": { "start": { "line": 103, "column": 29 }, "end": { "line": 113, "column": 1 } },
        "loc": { "start": { "line": 103, "column": 29 }, "end": { "line": 113, "column": 1 } },
        "line": 103
      },
      "12": {
        "name": "getDefaultFeatureRoute",
        "decl": { "start": { "line": 115, "column": 38 }, "end": { "line": 121, "column": 1 } },
        "loc": { "start": { "line": 115, "column": 38 }, "end": { "line": 121, "column": 1 } },
        "line": 115
      },
      "13": {
        "name": "getAppDefaultRoute",
        "decl": { "start": { "line": 123, "column": 34 }, "end": { "line": 123, "column": 97 } },
        "loc": { "start": { "line": 123, "column": 34 }, "end": { "line": 123, "column": 97 } },
        "line": 123
      }
    },
    "f": {
      "0": 1,
      "1": 17,
      "2": 2,
      "3": 0,
      "4": 1,
      "5": 0,
      "6": 1,
      "7": 0,
      "8": 5,
      "9": 1,
      "10": 8,
      "11": 6,
      "12": 6,
      "13": 0
    }
  },
  "C:\\Proyectos\\react-clean-architecture-template\\packages\\template\\src\\app\\router\\ProtectedRoute.tsx": {
    "path": "C:\\Proyectos\\react-clean-architecture-template\\packages\\template\\src\\app\\router\\ProtectedRoute.tsx",
    "all": false,
    "statementMap": {
      "0": { "start": { "line": 1, "column": 0 }, "end": { "line": 1, "column": 50 } },
      "1": { "start": { "line": 2, "column": 0 }, "end": { "line": 2, "column": 43 } },
      "23": { "start": { "line": 24, "column": 0 }, "end": { "line": 24, "column": 32 } },
      "24": { "start": { "line": 25, "column": 0 }, "end": { "line": 25, "column": 10 } },
      "25": { "start": { "line": 26, "column": 0 }, "end": { "line": 26, "column": 21 } },
      "26": { "start": { "line": 27, "column": 0 }, "end": { "line": 27, "column": 17 } },
      "27": { "start": { "line": 28, "column": 0 }, "end": { "line": 28, "column": 4 } },
      "31": { "start": { "line": 32, "column": 0 }, "end": { "line": 32, "column": 7 } },
      "32": { "start": { "line": 33, "column": 0 }, "end": { "line": 33, "column": 50 } },
      "34": { "start": { "line": 35, "column": 0 }, "end": { "line": 35, "column": 18 } },
      "35": { "start": { "line": 36, "column": 0 }, "end": { "line": 36, "column": 33 } },
      "36": { "start": { "line": 37, "column": 0 }, "end": { "line": 37, "column": 3 } },
      "38": { "start": { "line": 39, "column": 0 }, "end": { "line": 39, "column": 25 } },
      "39": { "start": { "line": 40, "column": 0 }, "end": { "line": 40, "column": 45 } },
      "40": { "start": { "line": 41, "column": 0 }, "end": { "line": 41, "column": 3 } },
      "42": { "start": { "line": 43, "column": 0 }, "end": { "line": 43, "column": 16 } },
      "43": { "start": { "line": 44, "column": 0 }, "end": { "line": 44, "column": 1 } }
    },
    "s": {
      "0": 0,
      "1": 1,
      "23": 1,
      "24": 3,
      "25": 3,
      "26": 3,
      "27": 3,
      "31": 3,
      "32": 3,
      "34": 3,
      "35": 1,
      "36": 1,
      "38": 3,
      "39": 1,
      "40": 1,
      "42": 1,
      "43": 1
    },
    "branchMap": {
      "0": {
        "type": "branch",
        "line": 1,
        "loc": { "start": { "line": 1, "column": 0 }, "end": { "line": 1, "column": 50 } },
        "locations": [{ "start": { "line": 1, "column": 0 }, "end": { "line": 1, "column": 50 } }]
      },
      "1": {
        "type": "branch",
        "line": 1,
        "loc": { "start": { "line": 1, "column": 0 }, "end": { "line": 1, "column": 50 } },
        "locations": [{ "start": { "line": 1, "column": 0 }, "end": { "line": 1, "column": 50 } }]
      },
      "2": {
        "type": "branch",
        "line": 24,
        "loc": { "start": { "line": 24, "column": 30 }, "end": { "line": 44, "column": 1 } },
        "locations": [{ "start": { "line": 24, "column": 30 }, "end": { "line": 44, "column": 1 } }]
      },
      "3": {
        "type": "branch",
        "line": 35,
        "loc": { "start": { "line": 35, "column": 17 }, "end": { "line": 37, "column": 3 } },
        "locations": [{ "start": { "line": 35, "column": 17 }, "end": { "line": 37, "column": 3 } }]
      },
      "4": {
        "type": "branch",
        "line": 36,
        "loc": { "start": { "line": 36, "column": 11 }, "end": { "line": 36, "column": 33 } },
        "locations": [
          { "start": { "line": 36, "column": 11 }, "end": { "line": 36, "column": 33 } }
        ]
      },
      "5": {
        "type": "branch",
        "line": 37,
        "loc": { "start": { "line": 37, "column": 2 }, "end": { "line": 39, "column": 24 } },
        "locations": [{ "start": { "line": 37, "column": 2 }, "end": { "line": 39, "column": 24 } }]
      },
      "6": {
        "type": "branch",
        "line": 39,
        "loc": { "start": { "line": 39, "column": 24 }, "end": { "line": 44, "column": 1 } },
        "locations": [{ "start": { "line": 39, "column": 24 }, "end": { "line": 44, "column": 1 } }]
      }
    },
    "b": { "0": [5], "1": [0], "2": [3], "3": [1], "4": [0], "5": [2], "6": [1] },
    "fnMap": {
      "0": {
        "name": "get",
        "decl": { "start": { "line": 1, "column": 0 }, "end": { "line": 1, "column": 50 } },
        "loc": { "start": { "line": 1, "column": 0 }, "end": { "line": 1, "column": 50 } },
        "line": 1
      },
      "1": {
        "name": "ProtectedRoute",
        "decl": { "start": { "line": 24, "column": 30 }, "end": { "line": 44, "column": 1 } },
        "loc": { "start": { "line": 24, "column": 30 }, "end": { "line": 44, "column": 1 } },
        "line": 24
      }
    },
    "f": { "0": 5, "1": 3 }
  },
  "C:\\Proyectos\\react-clean-architecture-template\\packages\\template\\src\\app\\router\\routes.tsx": {
    "path": "C:\\Proyectos\\react-clean-architecture-template\\packages\\template\\src\\app\\router\\routes.tsx",
    "all": false,
    "statementMap": {
      "0": { "start": { "line": 1, "column": 0 }, "end": { "line": 1, "column": 8 } },
      "5": { "start": { "line": 6, "column": 0 }, "end": { "line": 6, "column": 50 } },
      "6": { "start": { "line": 7, "column": 0 }, "end": { "line": 7, "column": 80 } },
      "17": { "start": { "line": 18, "column": 0 }, "end": { "line": 18, "column": 36 } },
      "18": { "start": { "line": 19, "column": 0 }, "end": { "line": 19, "column": 3 } },
      "19": { "start": { "line": 20, "column": 0 }, "end": { "line": 20, "column": 14 } },
      "20": { "start": { "line": 21, "column": 0 }, "end": { "line": 21, "column": 72 } },
      "21": { "start": { "line": 22, "column": 0 }, "end": { "line": 22, "column": 115 } },
      "22": { "start": { "line": 23, "column": 0 }, "end": { "line": 23, "column": 4 } },
      "23": { "start": { "line": 24, "column": 0 }, "end": { "line": 24, "column": 2 } },
      "29": { "start": { "line": 30, "column": 0 }, "end": { "line": 30, "column": 65 } }
    },
    "s": {
      "0": 0,
      "5": 1,
      "6": 1,
      "17": 1,
      "18": 1,
      "19": 1,
      "20": 1,
      "21": 1,
      "22": 1,
      "23": 1,
      "29": 1
    },
    "branchMap": {},
    "b": {},
    "fnMap": {
      "0": {
        "name": "get",
        "decl": { "start": { "line": 1, "column": 0 }, "end": { "line": 1, "column": 8 } },
        "loc": { "start": { "line": 1, "column": 0 }, "end": { "line": 1, "column": 8 } },
        "line": 1
      },
      "1": {
        "name": "AppRouter",
        "decl": { "start": { "line": 30, "column": 25 }, "end": { "line": 30, "column": 65 } },
        "loc": { "start": { "line": 30, "column": 25 }, "end": { "line": 30, "column": 65 } },
        "line": 30
      }
    },
    "f": { "0": 0, "1": 0 }
  },
  "C:\\Proyectos\\react-clean-architecture-template\\packages\\template\\src\\features\\auth\\adapters\\authAdapters.ts": {
    "path": "C:\\Proyectos\\react-clean-architecture-template\\packages\\template\\src\\features\\auth\\adapters\\authAdapters.ts",
    "all": false,
    "statementMap": {
      "0": { "start": { "line": 1, "column": 0 }, "end": { "line": 1, "column": 75 } },
      "4": { "start": { "line": 5, "column": 0 }, "end": { "line": 5, "column": 69 } },
      "10": { "start": { "line": 11, "column": 0 }, "end": { "line": 11, "column": 30 } },
      "11": { "start": { "line": 12, "column": 0 }, "end": { "line": 12, "column": 40 } },
      "12": { "start": { "line": 13, "column": 0 }, "end": { "line": 13, "column": 1 } },
      "22": { "start": { "line": 23, "column": 0 }, "end": { "line": 23, "column": 36 } },
      "23": { "start": { "line": 24, "column": 0 }, "end": { "line": 24, "column": 11 } },
      "24": { "start": { "line": 25, "column": 0 }, "end": { "line": 25, "column": 14 } },
[...]
        "locations": [
          { "start": { "line": 1, "column": 0 }, "end": { "line": 64, "column": -1012 } }
        ]
      }
    },
    "b": { "0": [0] },
    "fnMap": {
      "0": {
        "name": "(empty-report)",
        "decl": { "start": { "line": 1, "column": 0 }, "end": { "line": 64, "column": -1012 } },
        "loc": { "start": { "line": 1, "column": 0 }, "end": { "line": 64, "column": -1012 } },
        "line": 1
      }
    },
    "f": { "0": 0 }
  },
  "C:\\Proyectos\\react-clean-architecture-template\\packages\\template\\src\\shared\\ui\\atoms\\stories\\Input.stories.tsx": {
    "path": "C:\\Proyectos\\react-clean-architecture-template\\packages\\template\\src\\shared\\ui\\atoms\\stories\\Input.stories.tsx",
    "all": true,
    "statementMap": {
      "0": { "start": { "line": 1, "column": 0 }, "end": { "line": 1, "column": 46 } },
      "2": { "start": { "line": 3, "column": 0 }, "end": { "line": 3, "column": 32 } },
      "4": { "start": { "line": 5, "column": 0 }, "end": { "line": 5, "column": 14 } },
      "5": { "start": { "line": 6, "column": 0 }, "end": { "line": 6, "column": 23 } },
      "6": { "start": { "line": 7, "column": 0 }, "end": { "line": 7, "column": 19 } },
      "7": { "start": { "line": 8, "column": 0 }, "end": { "line": 8, "column": 15 } },
      "8": { "start": { "line": 9, "column": 0 }, "end": { "line": 9, "column": 23 } },
      "9": { "start": { "line": 10, "column": 0 }, "end": { "line": 10, "column": 4 } },
      "10": { "start": { "line": 11, "column": 0 }, "end": { "line": 11, "column": 13 } },
      "11": { "start": { "line": 12, "column": 0 }, "end": { "line": 12, "column": 11 } },
      "12": { "start": { "line": 13, "column": 0 }, "end": { "line": 13, "column": 34 } },
      "13": { "start": { "line": 14, "column": 0 }, "end": { "line": 14, "column": 55 } },
      "14": { "start": { "line": 15, "column": 0 }, "end": { "line": 15, "column": 6 } },
      "15": { "start": { "line": 16, "column": 0 }, "end": { "line": 16, "column": 37 } },
      "16": { "start": { "line": 17, "column": 0 }, "end": { "line": 17, "column": 37 } },
      "17": { "start": { "line": 18, "column": 0 }, "end": { "line": 18, "column": 4 } },
      "18": { "start": { "line": 19, "column": 0 }, "end": { "line": 19, "column": 30 } },
      "20": { "start": { "line": 21, "column": 0 }, "end": { "line": 21, "column": 19 } },
      "23": { "start": { "line": 24, "column": 0 }, "end": { "line": 24, "column": 28 } },
      "24": { "start": { "line": 25, "column": 0 }, "end": { "line": 25, "column": 9 } },
      "25": { "start": { "line": 26, "column": 0 }, "end": { "line": 26, "column": 17 } },
      "26": { "start": { "line": 27, "column": 0 }, "end": { "line": 27, "column": 33 } },
      "27": { "start": { "line": 28, "column": 0 }, "end": { "line": 28, "column": 4 } },
      "28": { "start": { "line": 29, "column": 0 }, "end": { "line": 29, "column": 1 } },
      "30": { "start": { "line": 31, "column": 0 }, "end": { "line": 31, "column": 29 } },
      "31": { "start": { "line": 32, "column": 0 }, "end": { "line": 32, "column": 9 } },
      "32": { "start": { "line": 33, "column": 0 }, "end": { "line": 33, "column": 18 } },
      "33": { "start": { "line": 34, "column": 0 }, "end": { "line": 34, "column": 34 } },
      "34": { "start": { "line": 35, "column": 0 }, "end": { "line": 35, "column": 4 } },
      "35": { "start": { "line": 36, "column": 0 }, "end": { "line": 36, "column": 1 } },
      "37": { "start": { "line": 38, "column": 0 }, "end": { "line": 38, "column": 32 } },
      "38": { "start": { "line": 39, "column": 0 }, "end": { "line": 39, "column": 9 } },
      "39": { "start": { "line": 40, "column": 0 }, "end": { "line": 40, "column": 21 } },
      "40": { "start": { "line": 41, "column": 0 }, "end": { "line": 41, "column": 37 } },
      "41": { "start": { "line": 42, "column": 0 }, "end": { "line": 42, "column": 4 } },
      "42": { "start": { "line": 43, "column": 0 }, "end": { "line": 43, "column": 1 } },
      "44": { "start": { "line": 45, "column": 0 }, "end": { "line": 45, "column": 30 } },
      "45": { "start": { "line": 46, "column": 0 }, "end": { "line": 46, "column": 9 } },
      "46": { "start": { "line": 47, "column": 0 }, "end": { "line": 47, "column": 19 } },
      "47": { "start": { "line": 48, "column": 0 }, "end": { "line": 48, "column": 35 } },
      "48": { "start": { "line": 49, "column": 0 }, "end": { "line": 49, "column": 4 } },
      "49": { "start": { "line": 50, "column": 0 }, "end": { "line": 50, "column": 1 } },
      "51": { "start": { "line": 52, "column": 0 }, "end": { "line": 52, "column": 32 } },
      "52": { "start": { "line": 53, "column": 0 }, "end": { "line": 53, "column": 9 } },
      "53": { "start": { "line": 54, "column": 0 }, "end": { "line": 54, "column": 17 } },
      "54": { "start": { "line": 55, "column": 0 }, "end": { "line": 55, "column": 36 } },
      "55": { "start": { "line": 56, "column": 0 }, "end": { "line": 56, "column": 19 } },
      "56": { "start": { "line": 57, "column": 0 }, "end": { "line": 57, "column": 4 } },
      "57": { "start": { "line": 58, "column": 0 }, "end": { "line": 58, "column": 1 } },
      "59": { "start": { "line": 60, "column": 0 }, "end": { "line": 60, "column": 33 } },
      "60": { "start": { "line": 61, "column": 0 }, "end": { "line": 61, "column": 9 } },
      "61": { "start": { "line": 62, "column": 0 }, "end": { "line": 62, "column": 17 } },
      "62": { "start": { "line": 63, "column": 0 }, "end": { "line": 63, "column": 30 } },
      "63": { "start": { "line": 64, "column": 0 }, "end": { "line": 64, "column": 4 } },
      "64": { "start": { "line": 65, "column": 0 }, "end": { "line": 65, "column": 1 } },
      "66": { "start": { "line": 67, "column": 0 }, "end": { "line": 67, "column": 29 } },
      "67": { "start": { "line": 68, "column": 0 }, "end": { "line": 68, "column": 40 } },
      "68": { "start": { "line": 69, "column": 0 }, "end": { "line": 69, "column": 10 } },
      "69": { "start": { "line": 70, "column": 0 }, "end": { "line": 70, "column": 10 } },
      "70": { "start": { "line": 71, "column": 0 }, "end": { "line": 71, "column": 17 } },
      "71": { "start": { "line": 72, "column": 0 }, "end": { "line": 72, "column": 37 } },
      "72": { "start": { "line": 73, "column": 0 }, "end": { "line": 73, "column": 19 } },
      "73": { "start": { "line": 74, "column": 0 }, "end": { "line": 74, "column": 48 } },
      "74": { "start": { "line": 75, "column": 0 }, "end": { "line": 75, "column": 6 } },
      "76": { "start": { "line": 77, "column": 0 }, "end": { "line": 77, "column": 1 } },
      "78": { "start": { "line": 79, "column": 0 }, "end": { "line": 79, "column": 35 } },
      "79": { "start": { "line": 80, "column": 0 }, "end": { "line": 80, "column": 37 } },
      "80": { "start": { "line": 81, "column": 0 }, "end": { "line": 81, "column": 1 } }
    },
    "s": {
      "0": 0,
      "2": 0,
      "4": 0,
      "5": 0,
      "6": 0,
      "7": 0,
      "8": 0,
      "9": 0,
      "10": 0,
      "11": 0,
      "12": 0,
      "13": 0,
      "14": 0,
      "15": 0,
      "16": 0,
      "17": 0,
      "18": 0,
      "20": 0,
      "23": 0,
      "24": 0,
      "25": 0,
      "26": 0,
      "27": 0,
      "28": 0,
      "30": 0,
      "31": 0,
      "32": 0,
      "33": 0,
      "34": 0,
      "35": 0,
      "37": 0,
      "38": 0,
      "39": 0,
      "40": 0,
      "41": 0,
      "42": 0,
      "44": 0,
      "45": 0,
      "46": 0,
      "47": 0,
      "48": 0,
      "49": 0,
      "51": 0,
      "52": 0,
      "53": 0,
      "54": 0,
      "55": 0,
      "56": 0,
      "57": 0,
      "59": 0,
      "60": 0,
      "61": 0,
      "62": 0,
      "63": 0,
      "64": 0,
      "66": 0,
      "67": 0,
      "68": 0,
      "69": 0,
      "70": 0,
      "71": 0,
      "72": 0,
      "73": 0,
      "74": 0,
      "76": 0,
      "78": 0,
      "79": 0,
      "80": 0
    },
    "branchMap": {
      "0": {
        "type": "branch",
        "line": 1,
        "loc": { "start": { "line": 1, "column": 0 }, "end": { "line": 81, "column": -1323 } },
        "locations": [
          { "start": { "line": 1, "column": 0 }, "end": { "line": 81, "column": -1323 } }
        ]
      }
    },
    "b": { "0": [0] },
    "fnMap": {
      "0": {
        "name": "(empty-report)",
        "decl": { "start": { "line": 1, "column": 0 }, "end": { "line": 81, "column": -1323 } },
        "loc": { "start": { "line": 1, "column": 0 }, "end": { "line": 81, "column": -1323 } },
        "line": 1
      }
    },
    "f": { "0": 0 }
  },
  "C:\\Proyectos\\react-clean-architecture-template\\packages\\template\\src\\shared\\ui\\atoms\\stories\\Typography.stories.tsx": {
    "path": "C:\\Proyectos\\react-clean-architecture-template\\packages\\template\\src\\shared\\ui\\atoms\\stories\\Typography.stories.tsx",
    "all": true,
    "statementMap": {
      "0": { "start": { "line": 1, "column": 0 }, "end": { "line": 1, "column": 74 } },
      "3": { "start": { "line": 4, "column": 0 }, "end": { "line": 4, "column": 14 } },
      "4": { "start": { "line": 5, "column": 0 }, "end": { "line": 5, "column": 28 } },
      "5": { "start": { "line": 6, "column": 0 }, "end": { "line": 6, "column": 19 } },
      "6": { "start": { "line": 7, "column": 0 }, "end": { "line": 7, "column": 15 } },
      "7": { "start": { "line": 8, "column": 0 }, "end": { "line": 8, "column": 23 } },
      "8": { "start": { "line": 9, "column": 0 }, "end": { "line": 9, "column": 4 } },
      "9": { "start": { "line": 10, "column": 0 }, "end": { "line": 10, "column": 30 } },
      "11": { "start": { "line": 12, "column": 0 }, "end": { "line": 12, "column": 19 } },
      "14": { "start": { "line": 15, "column": 0 }, "end": { "line": 15, "column": 38 } },
      "15": { "start": { "line": 16, "column": 0 }, "end": { "line": 16, "column": 47 } },
      "16": { "start": { "line": 17, "column": 0 }, "end": { "line": 17, "column": 1 } },
      "18": { "start": { "line": 19, "column": 0 }, "end": { "line": 19, "column": 40 } },
      "19": { "start": { "line": 20, "column": 0 }, "end": { "line": 20, "column": 54 } },
      "20": { "start": { "line": 21, "column": 0 }, "end": { "line": 21, "column": 1 } },
      "22": { "start": { "line": 23, "column": 0 }, "end": { "line": 23, "column": 38 } },
      "23": { "start": { "line": 24, "column": 0 }, "end": { "line": 24, "column": 69 } },
      "24": { "start": { "line": 25, "column": 0 }, "end": { "line": 25, "column": 1 } },
      "26": { "start": { "line": 27, "column": 0 }, "end": { "line": 27, "column": 38 } },
      "27": { "start": { "line": 28, "column": 0 }, "end": { "line": 28, "column": 56 } },
      "28": { "start": { "line": 29, "column": 0 }, "end": { "line": 29, "column": 1 } },
      "30": { "start": { "line": 31, "column": 0 }, "end": { "line": 31, "column": 45 } },
      "31": { "start": { "line": 32, "column": 0 }, "end": { "line": 32, "column": 17 } },
      "32": { "start": { "line": 33, "column": 0 }, "end": { "line": 33, "column": 56 } },
      "33": { "start": { "line": 34, "column": 0 }, "end": { "line": 34, "column": 38 } },
      "34": { "start": { "line": 35, "column": 0 }, "end": { "line": 35, "column": 33 } },
      "35": { "start": { "line": 36, "column": 0 }, "end": { "line": 36, "column": 44 } },
      "36": { "start": { "line": 37, "column": 0 }, "end": { "line": 37, "column": 69 } },
      "37": { "start": { "line": 38, "column": 0 }, "end": { "line": 38, "column": 10 } },
      "39": { "start": { "line": 40, "column": 0 }, "end": { "line": 40, "column": 1 } },
      "41": { "start": { "line": 42, "column": 0 }, "end": { "line": 42, "column": 37 } },
      "42": { "start": { "line": 43, "column": 0 }, "end": { "line": 43, "column": 17 } },
      "43": { "start": { "line": 44, "column": 0 }, "end": { "line": 44, "column": 8 } },
      "44": { "start": { "line": 45, "column": 0 }, "end": { "line": 45, "column": 14 } },
      "45": { "start": { "line": 46, "column": 0 }, "end": { "line": 46, "column": 24 } },
      "46": { "start": { "line": 47, "column": 0 }, "end": { "line": 47, "column": 26 } },
      "47": { "start": { "line": 48, "column": 0 }, "end": { "line": 48, "column": 24 } },
      "48": { "start": { "line": 49, "column": 0 }, "end": { "line": 49, "column": 32 } },
      "49": { "start": { "line": 50, "column": 0 }, "end": { "line": 50, "column": 20 } },
      "50": { "start": { "line": 51, "column": 0 }, "end": { "line": 51, "column": 8 } },
      "52": { "start": { "line": 53, "column": 0 }, "end": { "line": 53, "column": 11 } },
      "53": { "start": { "line": 54, "column": 0 }, "end": { "line": 54, "column": 22 } },
      "54": { "start": { "line": 55, "column": 0 }, "end": { "line": 55, "column": 48 } },
      "55": { "start": { "line": 56, "column": 0 }, "end": { "line": 56, "column": 12 } },
      "56": { "start": { "line": 57, "column": 0 }, "end": { "line": 57, "column": 11 } },
      "57": { "start": { "line": 58, "column": 0 }, "end": { "line": 58, "column": 24 } },
      "58": { "start": { "line": 59, "column": 0 }, "end": { "line": 59, "column": 39 } },
      "59": { "start": { "line": 60, "column": 0 }, "end": { "line": 60, "column": 12 } },
      "60": { "start": { "line": 61, "column": 0 }, "end": { "line": 61, "column": 11 } },
      "61": { "start": { "line": 62, "column": 0 }, "end": { "line": 62, "column": 22 } },
      "62": { "start": { "line": 63, "column": 0 }, "end": { "line": 63, "column": 41 } },
      "63": { "start": { "line": 64, "column": 0 }, "end": { "line": 64, "column": 12 } },
      "64": { "start": { "line": 65, "column": 0 }, "end": { "line": 65, "column": 11 } },
      "65": { "start": { "line": 66, "column": 0 }, "end": { "line": 66, "column": 22 } },
      "66": { "start": { "line": 67, "column": 0 }, "end": { "line": 67, "column": 52 } },
      "67": { "start": { "line": 68, "column": 0 }, "end": { "line": 68, "column": 12 } },
      "68": { "start": { "line": 69, "column": 0 }, "end": { "line": 69, "column": 10 } },
      "70": { "start": { "line": 71, "column": 0 }, "end": { "line": 71, "column": 1 } }
    },
    "s": {
      "0": 0,
      "3": 0,
      "4": 0,
      "5": 0,
      "6": 0,
      "7": 0,
      "8": 0,
      "9": 0,
      "11": 0,
      "14": 0,
      "15": 0,
      "16": 0,
      "18": 0,
      "19": 0,
      "20": 0,
      "22": 0,
      "23": 0,
      "24": 0,
      "26": 0,
      "27": 0,
      "28": 0,
      "30": 0,
      "31": 0,
      "32": 0,
      "33": 0,
      "34": 0,
      "35": 0,
      "36": 0,
      "37": 0,
      "39": 0,
      "41": 0,
      "42": 0,
      "43": 0,
      "44": 0,
      "45": 0,
      "46": 0,
      "47": 0,
      "48": 0,
      "49": 0,
      "50": 0,
      "52": 0,
      "53": 0,
      "54": 0,
      "55": 0,
      "56": 0,
      "57": 0,
      "58": 0,
      "59": 0,
      "60": 0,
      "61": 0,
      "62": 0,
      "63": 0,
      "64": 0,
      "65": 0,
      "66": 0,
      "67": 0,
      "68": 0,
      "70": 0
    },
    "branchMap": {
      "0": {
        "type": "branch",
        "line": 1,
        "loc": { "start": { "line": 1, "column": 0 }, "end": { "line": 71, "column": -1271 } },
        "locations": [
          { "start": { "line": 1, "column": 0 }, "end": { "line": 71, "column": -1271 } }
        ]
      }
    },
    "b": { "0": [0] },
    "fnMap": {
      "0": {
        "name": "(empty-report)",
        "decl": { "start": { "line": 1, "column": 0 }, "end": { "line": 71, "column": -1271 } },
        "loc": { "start": { "line": 1, "column": 0 }, "end": { "line": 71, "column": -1271 } },
        "line": 1
      }
    },
    "f": { "0": 0 }
  },
  "C:\\Proyectos\\react-clean-architecture-template\\packages\\template\\src\\shared\\ui\\molecules\\SessionCard.tsx": {
    "path": "C:\\Proyectos\\react-clean-architecture-template\\packages\\template\\src\\shared\\ui\\molecules\\SessionCard.tsx",
    "all": false,
    "statementMap": {
      "0": { "start": { "line": 1, "column": 0 }, "end": { "line": 1, "column": 38 } },
      "2": { "start": { "line": 3, "column": 0 }, "end": { "line": 3, "column": 45 } },
      "12": { "start": { "line": 13, "column": 0 }, "end": { "line": 13, "column": 64 } },
      "13": { "start": { "line": 14, "column": 0 }, "end": { "line": 14, "column": 54 } }
    },
    "s": { "0": 0, "2": 1, "12": 1, "13": 1 },
    "branchMap": {
      "0": {
        "type": "branch",
        "line": 1,
        "loc": { "start": { "line": 1, "column": 0 }, "end": { "line": 1, "column": 38 } },
        "locations": [{ "start": { "line": 1, "column": 0 }, "end": { "line": 1, "column": 38 } }]
      },
      "1": {
        "type": "branch",
        "line": 1,
        "loc": { "start": { "line": 1, "column": 0 }, "end": { "line": 1, "column": 38 } },
        "locations": [{ "start": { "line": 1, "column": 0 }, "end": { "line": 1, "column": 38 } }]
      },
      "2": {
        "type": "branch",
        "line": 13,
        "loc": { "start": { "line": 13, "column": 27 }, "end": { "line": 14, "column": 54 } },
        "locations": [
          { "start": { "line": 13, "column": 27 }, "end": { "line": 14, "column": 54 } }
        ]
      }
    },
    "b": { "0": [2], "1": [0], "2": [1] },
    "fnMap": {
      "0": {
        "name": "get",
        "decl": { "start": { "line": 1, "column": 0 }, "end": { "line": 1, "column": 38 } },
        "loc": { "start": { "line": 1, "column": 0 }, "end": { "line": 1, "column": 38 } },
        "line": 1
      },
      "1": {
        "name": "SessionCard",
        "decl": { "start": { "line": 13, "column": 27 }, "end": { "line": 14, "column": 54 } },
        "loc": { "start": { "line": 13, "column": 27 }, "end": { "line": 14, "column": 54 } },
        "line": 13
      }
    },
    "f": { "0": 2, "1": 1 }
  },
  "C:\\Proyectos\\react-clean-architecture-template\\packages\\template\\src\\shared\\ui\\molecules\\TodoList.tsx": {
    "path": "C:\\Proyectos\\react-clean-architecture-template\\packages\\template\\src\\shared\\ui\\molecules\\TodoList.tsx",
    "all": true,
    "statementMap": {
      "0": { "start": { "line": 1, "column": 0 }, "end": { "line": 1, "column": 38 } },
      "2": { "start": { "line": 3, "column": 0 }, "end": { "line": 3, "column": 42 } },
      "8": { "start": { "line": 9, "column": 0 }, "end": { "line": 9, "column": 68 } },
      "9": { "start": { "line": 10, "column": 0 }, "end": { "line": 10, "column": 49 } },
      "22": { "start": { "line": 23, "column": 0 }, "end": { "line": 23, "column": 79 } },
      "23": { "start": { "line": 24, "column": 0 }, "end": { "line": 24, "column": 34 } },
      "24": { "start": { "line": 25, "column": 0 }, "end": { "line": 25, "column": 36 } },
      "25": { "start": { "line": 26, "column": 0 }, "end": { "line": 26, "column": 71 } },
      "26": { "start": { "line": 27, "column": 0 }, "end": { "line": 27, "column": 79 } },
      "27": { "start": { "line": 28, "column": 0 }, "end": { "line": 28, "column": 12 } },
      "28": { "start": { "line": 29, "column": 0 }, "end": { "line": 29, "column": 7 } }
    },
    "s": {
      "0": 0,
      "2": 0,
      "8": 0,
      "9": 0,
      "22": 0,
      "23": 0,
      "24": 0,
      "25": 0,
      "26": 0,
      "27": 0,
      "28": 0
    },
    "branchMap": {
      "0": {
        "type": "branch",
        "line": 1,
        "loc": { "start": { "line": 1, "column": 0 }, "end": { "line": 30, "column": -557 } },
        "locations": [
          { "start": { "line": 1, "column": 0 }, "end": { "line": 30, "column": -557 } }
        ]
      }
    },
    "b": { "0": [0] },
    "fnMap": {
      "0": {
        "name": "(empty-report)",
        "decl": { "start": { "line": 1, "column": 0 }, "end": { "line": 30, "column": -557 } },
        "loc": { "start": { "line": 1, "column": 0 }, "end": { "line": 30, "column": -557 } },
        "line": 1
      }
    },
    "f": { "0": 0 }
  }
}
